mode: set
github.com/rule-engine/cmd/api/main.go:24.13,36.16 5 0
github.com/rule-engine/cmd/api/main.go:36.16,40.3 1 0
github.com/rule-engine/cmd/api/main.go:43.2,48.12 4 0
github.com/rule-engine/cmd/api/main.go:48.12,49.40 1 0
github.com/rule-engine/cmd/api/main.go:49.40,51.4 1 0
github.com/rule-engine/cmd/api/main.go:55.2,59.9 3 0
github.com/rule-engine/cmd/api/main.go:60.27,64.13 2 0
github.com/rule-engine/cmd/api/main.go:66.27,72.32 2 0
github.com/rule-engine/cmd/api/main.go:77.78,89.46 6 0
github.com/rule-engine/cmd/api/main.go:89.46,93.3 1 0
github.com/rule-engine/cmd/api/main.go:96.2,99.47 3 0
github.com/rule-engine/cmd/jwt-generator/main.go:18.13,37.16 5 0
github.com/rule-engine/cmd/jwt-generator/main.go:37.16,39.3 1 0
github.com/rule-engine/cmd/jwt-generator/main.go:41.2,42.26 2 0
github.com/rule-engine/internal/auth/jwt.go:8.41,9.52 1 0
github.com/rule-engine/internal/auth/jwt.go:9.52,10.38 1 0
github.com/rule-engine/internal/auth/jwt.go:10.38,12.4 1 0
github.com/rule-engine/internal/auth/jwt.go:14.2,14.11 1 0
github.com/rule-engine/internal/auth/jwt.go:18.41,19.43 1 0
github.com/rule-engine/internal/auth/jwt.go:19.43,20.33 1 0
github.com/rule-engine/internal/auth/jwt.go:20.33,22.4 1 0
github.com/rule-engine/internal/auth/jwt.go:24.2,24.11 1 0
github.com/rule-engine/internal/auth/jwt.go:28.44,29.45 1 0
github.com/rule-engine/internal/auth/jwt.go:29.45,30.36 1 0
github.com/rule-engine/internal/auth/jwt.go:30.36,32.4 1 0
github.com/rule-engine/internal/auth/jwt.go:34.2,34.19 1 0
github.com/rule-engine/internal/bootstrap/bootstrap.go:31.49,34.16 2 0
github.com/rule-engine/internal/bootstrap/bootstrap.go:34.16,36.3 1 0
github.com/rule-engine/internal/bootstrap/bootstrap.go:39.2,40.16 2 0
github.com/rule-engine/internal/bootstrap/bootstrap.go:40.16,42.3 1 0
github.com/rule-engine/internal/bootstrap/bootstrap.go:45.2,46.16 2 0
github.com/rule-engine/internal/bootstrap/bootstrap.go:46.16,48.3 1 0
github.com/rule-engine/internal/bootstrap/bootstrap.go:51.2,74.16 10 0
github.com/rule-engine/internal/bootstrap/bootstrap.go:74.16,76.3 1 0
github.com/rule-engine/internal/bootstrap/bootstrap.go:79.2,88.16 3 0
github.com/rule-engine/internal/bootstrap/bootstrap.go:88.16,90.3 1 0
github.com/rule-engine/internal/bootstrap/bootstrap.go:92.2,101.17 2 0
github.com/rule-engine/internal/bootstrap/bootstrap.go:105.58,107.52 1 0
github.com/rule-engine/internal/bootstrap/bootstrap.go:107.52,109.3 1 0
github.com/rule-engine/internal/bootstrap/bootstrap.go:112.2,112.27 1 0
github.com/rule-engine/internal/bootstrap/bootstrap.go:116.57,118.48 1 0
github.com/rule-engine/internal/bootstrap/bootstrap.go:118.48,120.3 1 0
github.com/rule-engine/internal/bootstrap/bootstrap.go:123.2,123.29 1 0
github.com/rule-engine/internal/config/config.go:116.50,118.17 1 1
github.com/rule-engine/internal/config/config.go:118.17,120.3 1 1
github.com/rule-engine/internal/config/config.go:123.2,124.57 1 1
github.com/rule-engine/internal/config/config.go:128.50,130.2 1 1
github.com/rule-engine/internal/config/config.go:133.38,135.2 1 1
github.com/rule-engine/internal/config/config.go:138.39,140.2 1 1
github.com/rule-engine/internal/config/config.go:143.35,145.2 1 1
github.com/rule-engine/internal/config/loader.go:12.30,30.45 11 0
github.com/rule-engine/internal/config/loader.go:30.45,32.56 1 0
github.com/rule-engine/internal/config/loader.go:32.56,34.4 1 0
github.com/rule-engine/internal/config/loader.go:38.2,39.23 2 0
github.com/rule-engine/internal/config/loader.go:39.23,41.3 1 0
github.com/rule-engine/internal/config/loader.go:44.2,47.46 3 0
github.com/rule-engine/internal/config/loader.go:47.46,49.56 1 0
github.com/rule-engine/internal/config/loader.go:49.56,51.4 1 0
github.com/rule-engine/internal/config/loader.go:55.2,56.49 2 0
github.com/rule-engine/internal/config/loader.go:56.49,58.3 1 0
github.com/rule-engine/internal/config/loader.go:61.2,61.48 1 0
github.com/rule-engine/internal/config/loader.go:61.48,63.3 1 0
github.com/rule-engine/internal/config/loader.go:65.2,65.21 1 0
github.com/rule-engine/internal/config/loader.go:69.20,125.2 40 1
github.com/rule-engine/internal/config/loader.go:128.43,130.58 1 1
github.com/rule-engine/internal/config/loader.go:130.58,132.3 1 1
github.com/rule-engine/internal/config/loader.go:134.2,134.30 1 1
github.com/rule-engine/internal/config/loader.go:134.30,136.3 1 1
github.com/rule-engine/internal/config/loader.go:139.2,139.31 1 1
github.com/rule-engine/internal/config/loader.go:139.31,141.33 1 1
github.com/rule-engine/internal/config/loader.go:141.33,143.4 1 1
github.com/rule-engine/internal/config/loader.go:144.3,144.33 1 1
github.com/rule-engine/internal/config/loader.go:144.33,146.4 1 1
github.com/rule-engine/internal/config/loader.go:147.3,147.33 1 1
github.com/rule-engine/internal/config/loader.go:147.33,149.4 1 1
github.com/rule-engine/internal/config/loader.go:152.2,152.40 1 1
github.com/rule-engine/internal/config/loader.go:152.40,154.3 1 1
github.com/rule-engine/internal/config/loader.go:156.2,156.38 1 1
github.com/rule-engine/internal/config/loader.go:156.38,158.3 1 1
github.com/rule-engine/internal/config/loader.go:160.2,160.67 1 1
github.com/rule-engine/internal/config/loader.go:160.67,163.3 1 1
github.com/rule-engine/internal/config/loader.go:166.2,166.41 1 1
github.com/rule-engine/internal/config/loader.go:166.41,168.3 1 1
github.com/rule-engine/internal/config/loader.go:170.2,170.39 1 1
github.com/rule-engine/internal/config/loader.go:170.39,172.3 1 1
github.com/rule-engine/internal/config/loader.go:174.2,174.32 1 1
github.com/rule-engine/internal/config/loader.go:174.32,176.3 1 1
github.com/rule-engine/internal/config/loader.go:179.2,179.29 1 1
github.com/rule-engine/internal/config/loader.go:179.29,181.3 1 1
github.com/rule-engine/internal/config/loader.go:183.2,183.77 1 1
github.com/rule-engine/internal/config/loader.go:183.77,185.3 1 1
github.com/rule-engine/internal/config/loader.go:187.2,187.41 1 1
github.com/rule-engine/internal/config/loader.go:187.41,189.3 1 1
github.com/rule-engine/internal/config/loader.go:192.2,193.52 2 1
github.com/rule-engine/internal/config/loader.go:193.52,195.3 1 1
github.com/rule-engine/internal/config/loader.go:197.2,198.54 2 1
github.com/rule-engine/internal/config/loader.go:198.54,200.3 1 1
github.com/rule-engine/internal/config/loader.go:203.2,204.54 2 1
github.com/rule-engine/internal/config/loader.go:204.54,206.3 1 0
github.com/rule-engine/internal/config/loader.go:208.2,208.12 1 1
github.com/rule-engine/internal/config/loader.go:212.49,213.26 1 1
github.com/rule-engine/internal/config/loader.go:213.26,214.16 1 1
github.com/rule-engine/internal/config/loader.go:214.16,216.4 1 1
github.com/rule-engine/internal/config/loader.go:218.2,218.14 1 1
github.com/rule-engine/internal/models/db/cache.sql.go:17.91,20.2 2 0
github.com/rule-engine/internal/models/db/cache.sql.go:28.110,33.2 4 0
github.com/rule-engine/internal/models/db/cache.sql.go:41.99,43.16 2 0
github.com/rule-engine/internal/models/db/cache.sql.go:43.16,45.3 1 0
github.com/rule-engine/internal/models/db/cache.sql.go:46.2,48.18 3 0
github.com/rule-engine/internal/models/db/cache.sql.go:48.18,50.76 2 0
github.com/rule-engine/internal/models/db/cache.sql.go:50.76,52.4 1 0
github.com/rule-engine/internal/models/db/cache.sql.go:53.3,53.28 1 0
github.com/rule-engine/internal/models/db/cache.sql.go:55.2,55.35 1 0
github.com/rule-engine/internal/models/db/cache.sql.go:55.35,57.3 1 0
github.com/rule-engine/internal/models/db/cache.sql.go:58.2,58.19 1 0
github.com/rule-engine/internal/models/db/cache.sql.go:65.82,68.2 2 0
github.com/rule-engine/internal/models/db/cache.sql.go:84.111,87.2 2 0
github.com/rule-engine/internal/models/db/db.go:20.28,22.2 1 0
github.com/rule-engine/internal/models/db/db.go:28.46,32.2 1 0
github.com/rule-engine/internal/models/db/fields.sql.go:20.96,25.2 4 0
github.com/rule-engine/internal/models/db/fields.sql.go:40.81,49.2 2 0
github.com/rule-engine/internal/models/db/fields.sql.go:61.81,64.2 2 0
github.com/rule-engine/internal/models/db/fields.sql.go:78.89,83.2 4 0
github.com/rule-engine/internal/models/db/fields.sql.go:105.91,117.2 4 0
github.com/rule-engine/internal/models/db/fields.sql.go:135.95,137.16 2 0
github.com/rule-engine/internal/models/db/fields.sql.go:137.16,139.3 1 0
github.com/rule-engine/internal/models/db/fields.sql.go:140.2,142.18 3 0
github.com/rule-engine/internal/models/db/fields.sql.go:142.18,151.17 2 0
github.com/rule-engine/internal/models/db/fields.sql.go:151.17,153.4 1 0
github.com/rule-engine/internal/models/db/fields.sql.go:154.3,154.28 1 0
github.com/rule-engine/internal/models/db/fields.sql.go:156.2,156.35 1 0
github.com/rule-engine/internal/models/db/fields.sql.go:156.35,158.3 1 0
github.com/rule-engine/internal/models/db/fields.sql.go:159.2,159.19 1 0
github.com/rule-engine/internal/models/db/fields.sql.go:176.81,185.2 2 0
github.com/rule-engine/internal/models/db/functions.sql.go:31.87,44.2 2 0
github.com/rule-engine/internal/models/db/functions.sql.go:57.95,60.2 2 0
github.com/rule-engine/internal/models/db/functions.sql.go:73.87,76.2 2 0
github.com/rule-engine/internal/models/db/functions.sql.go:91.95,96.2 4 0
github.com/rule-engine/internal/models/db/functions.sql.go:123.139,140.2 4 0
github.com/rule-engine/internal/models/db/functions.sql.go:167.136,184.2 4 0
github.com/rule-engine/internal/models/db/functions.sql.go:212.100,229.2 4 0
github.com/rule-engine/internal/models/db/functions.sql.go:242.116,247.2 4 0
github.com/rule-engine/internal/models/db/functions.sql.go:270.113,272.16 2 0
github.com/rule-engine/internal/models/db/functions.sql.go:272.16,274.3 1 0
github.com/rule-engine/internal/models/db/functions.sql.go:275.2,277.18 3 0
github.com/rule-engine/internal/models/db/functions.sql.go:277.18,291.17 2 0
github.com/rule-engine/internal/models/db/functions.sql.go:291.17,293.4 1 0
github.com/rule-engine/internal/models/db/functions.sql.go:294.3,294.28 1 0
github.com/rule-engine/internal/models/db/functions.sql.go:296.2,296.35 1 0
github.com/rule-engine/internal/models/db/functions.sql.go:296.35,298.3 1 0
github.com/rule-engine/internal/models/db/functions.sql.go:299.2,299.19 1 0
github.com/rule-engine/internal/models/db/functions.sql.go:328.129,330.16 2 0
github.com/rule-engine/internal/models/db/functions.sql.go:330.16,332.3 1 0
github.com/rule-engine/internal/models/db/functions.sql.go:333.2,335.18 3 0
github.com/rule-engine/internal/models/db/functions.sql.go:335.18,349.17 2 0
github.com/rule-engine/internal/models/db/functions.sql.go:349.17,351.4 1 0
github.com/rule-engine/internal/models/db/functions.sql.go:352.3,352.28 1 0
github.com/rule-engine/internal/models/db/functions.sql.go:354.2,354.35 1 0
github.com/rule-engine/internal/models/db/functions.sql.go:354.35,356.3 1 0
github.com/rule-engine/internal/models/db/functions.sql.go:357.2,357.19 1 0
github.com/rule-engine/internal/models/db/functions.sql.go:381.101,383.16 2 0
github.com/rule-engine/internal/models/db/functions.sql.go:383.16,385.3 1 0
github.com/rule-engine/internal/models/db/functions.sql.go:386.2,388.18 3 0
github.com/rule-engine/internal/models/db/functions.sql.go:388.18,402.17 2 0
github.com/rule-engine/internal/models/db/functions.sql.go:402.17,404.4 1 0
github.com/rule-engine/internal/models/db/functions.sql.go:405.3,405.28 1 0
github.com/rule-engine/internal/models/db/functions.sql.go:407.2,407.35 1 0
github.com/rule-engine/internal/models/db/functions.sql.go:407.35,409.3 1 0
github.com/rule-engine/internal/models/db/functions.sql.go:410.2,410.19 1 0
github.com/rule-engine/internal/models/db/functions.sql.go:426.89,434.2 2 0
github.com/rule-engine/internal/models/db/functions.sql.go:453.87,465.2 2 0
github.com/rule-engine/internal/models/db/namespaces.sql.go:23.89,26.2 2 0
github.com/rule-engine/internal/models/db/namespaces.sql.go:32.73,35.2 2 0
github.com/rule-engine/internal/models/db/namespaces.sql.go:43.84,53.2 4 0
github.com/rule-engine/internal/models/db/namespaces.sql.go:61.77,63.16 2 0
github.com/rule-engine/internal/models/db/namespaces.sql.go:63.16,65.3 1 0
github.com/rule-engine/internal/models/db/namespaces.sql.go:66.2,68.18 3 0
github.com/rule-engine/internal/models/db/namespaces.sql.go:68.18,75.17 2 0
github.com/rule-engine/internal/models/db/namespaces.sql.go:75.17,77.4 1 0
github.com/rule-engine/internal/models/db/namespaces.sql.go:78.3,78.28 1 0
github.com/rule-engine/internal/models/db/namespaces.sql.go:80.2,80.35 1 0
github.com/rule-engine/internal/models/db/namespaces.sql.go:80.35,82.3 1 0
github.com/rule-engine/internal/models/db/namespaces.sql.go:83.2,83.19 1 0
github.com/rule-engine/internal/models/db/rules.sql.go:27.79,38.2 2 0
github.com/rule-engine/internal/models/db/rules.sql.go:51.87,54.2 2 0
github.com/rule-engine/internal/models/db/rules.sql.go:67.79,70.2 2 0
github.com/rule-engine/internal/models/db/rules.sql.go:83.108,99.2 4 0
github.com/rule-engine/internal/models/db/rules.sql.go:112.106,128.2 4 0
github.com/rule-engine/internal/models/db/rules.sql.go:141.108,146.2 4 0
github.com/rule-engine/internal/models/db/rules.sql.go:160.82,176.2 4 0
github.com/rule-engine/internal/models/db/rules.sql.go:185.91,187.16 2 0
github.com/rule-engine/internal/models/db/rules.sql.go:187.16,189.3 1 0
github.com/rule-engine/internal/models/db/rules.sql.go:190.2,192.18 3 0
github.com/rule-engine/internal/models/db/rules.sql.go:192.18,205.17 2 0
github.com/rule-engine/internal/models/db/rules.sql.go:205.17,207.4 1 0
github.com/rule-engine/internal/models/db/rules.sql.go:208.3,208.28 1 0
github.com/rule-engine/internal/models/db/rules.sql.go:210.2,210.35 1 0
github.com/rule-engine/internal/models/db/rules.sql.go:210.35,212.3 1 0
github.com/rule-engine/internal/models/db/rules.sql.go:213.2,213.19 1 0
github.com/rule-engine/internal/models/db/rules.sql.go:228.102,230.16 2 0
github.com/rule-engine/internal/models/db/rules.sql.go:230.16,232.3 1 0
github.com/rule-engine/internal/models/db/rules.sql.go:233.2,235.18 3 0
github.com/rule-engine/internal/models/db/rules.sql.go:235.18,248.17 2 0
github.com/rule-engine/internal/models/db/rules.sql.go:248.17,250.4 1 0
github.com/rule-engine/internal/models/db/rules.sql.go:251.3,251.28 1 0
github.com/rule-engine/internal/models/db/rules.sql.go:253.2,253.35 1 0
github.com/rule-engine/internal/models/db/rules.sql.go:253.35,255.3 1 0
github.com/rule-engine/internal/models/db/rules.sql.go:256.2,256.19 1 0
github.com/rule-engine/internal/models/db/rules.sql.go:266.85,268.16 2 0
github.com/rule-engine/internal/models/db/rules.sql.go:268.16,270.3 1 0
github.com/rule-engine/internal/models/db/rules.sql.go:271.2,273.18 3 0
github.com/rule-engine/internal/models/db/rules.sql.go:273.18,286.17 2 0
github.com/rule-engine/internal/models/db/rules.sql.go:286.17,288.4 1 0
github.com/rule-engine/internal/models/db/rules.sql.go:289.3,289.28 1 0
github.com/rule-engine/internal/models/db/rules.sql.go:291.2,291.35 1 0
github.com/rule-engine/internal/models/db/rules.sql.go:291.35,293.3 1 0
github.com/rule-engine/internal/models/db/rules.sql.go:294.2,294.19 1 0
github.com/rule-engine/internal/models/db/rules.sql.go:310.81,318.2 2 0
github.com/rule-engine/internal/models/db/rules.sql.go:333.87,338.2 4 0
github.com/rule-engine/internal/models/db/rules.sql.go:355.79,365.2 2 0
github.com/rule-engine/internal/models/db/terminals.sql.go:20.99,25.2 4 0
github.com/rule-engine/internal/models/db/terminals.sql.go:38.87,41.2 2 0
github.com/rule-engine/internal/models/db/terminals.sql.go:53.87,56.2 2 0
github.com/rule-engine/internal/models/db/terminals.sql.go:76.100,86.2 4 0
github.com/rule-engine/internal/models/db/terminals.sql.go:102.101,104.16 2 0
github.com/rule-engine/internal/models/db/terminals.sql.go:104.16,106.3 1 0
github.com/rule-engine/internal/models/db/terminals.sql.go:107.2,109.18 3 0
github.com/rule-engine/internal/models/db/terminals.sql.go:109.18,116.17 2 0
github.com/rule-engine/internal/models/db/terminals.sql.go:116.17,118.4 1 0
github.com/rule-engine/internal/models/db/terminals.sql.go:119.3,119.28 1 0
github.com/rule-engine/internal/models/db/terminals.sql.go:121.2,121.35 1 0
github.com/rule-engine/internal/models/db/terminals.sql.go:121.35,123.3 1 0
github.com/rule-engine/internal/models/db/terminals.sql.go:124.2,124.19 1 0
github.com/rule-engine/internal/models/db/terminals.sql.go:139.95,144.2 4 0
github.com/rule-engine/internal/models/db/workflows.sql.go:27.87,38.2 2 0
github.com/rule-engine/internal/models/db/workflows.sql.go:51.95,54.2 2 0
github.com/rule-engine/internal/models/db/workflows.sql.go:67.87,70.2 2 0
github.com/rule-engine/internal/models/db/workflows.sql.go:83.120,99.2 4 0
github.com/rule-engine/internal/models/db/workflows.sql.go:112.118,128.2 4 0
github.com/rule-engine/internal/models/db/workflows.sql.go:141.116,146.2 4 0
github.com/rule-engine/internal/models/db/workflows.sql.go:160.94,176.2 4 0
github.com/rule-engine/internal/models/db/workflows.sql.go:185.99,187.16 2 0
github.com/rule-engine/internal/models/db/workflows.sql.go:187.16,189.3 1 0
github.com/rule-engine/internal/models/db/workflows.sql.go:190.2,192.18 3 0
github.com/rule-engine/internal/models/db/workflows.sql.go:192.18,205.17 2 0
github.com/rule-engine/internal/models/db/workflows.sql.go:205.17,207.4 1 0
github.com/rule-engine/internal/models/db/workflows.sql.go:208.3,208.28 1 0
github.com/rule-engine/internal/models/db/workflows.sql.go:210.2,210.35 1 0
github.com/rule-engine/internal/models/db/workflows.sql.go:210.35,212.3 1 0
github.com/rule-engine/internal/models/db/workflows.sql.go:213.2,213.19 1 0
github.com/rule-engine/internal/models/db/workflows.sql.go:228.114,230.16 2 0
github.com/rule-engine/internal/models/db/workflows.sql.go:230.16,232.3 1 0
github.com/rule-engine/internal/models/db/workflows.sql.go:233.2,235.18 3 0
github.com/rule-engine/internal/models/db/workflows.sql.go:235.18,248.17 2 0
github.com/rule-engine/internal/models/db/workflows.sql.go:248.17,250.4 1 0
github.com/rule-engine/internal/models/db/workflows.sql.go:251.3,251.28 1 0
github.com/rule-engine/internal/models/db/workflows.sql.go:253.2,253.35 1 0
github.com/rule-engine/internal/models/db/workflows.sql.go:253.35,255.3 1 0
github.com/rule-engine/internal/models/db/workflows.sql.go:256.2,256.19 1 0
github.com/rule-engine/internal/models/db/workflows.sql.go:266.93,268.16 2 0
github.com/rule-engine/internal/models/db/workflows.sql.go:268.16,270.3 1 0
github.com/rule-engine/internal/models/db/workflows.sql.go:271.2,273.18 3 0
github.com/rule-engine/internal/models/db/workflows.sql.go:273.18,286.17 2 0
github.com/rule-engine/internal/models/db/workflows.sql.go:286.17,288.4 1 0
github.com/rule-engine/internal/models/db/workflows.sql.go:289.3,289.28 1 0
github.com/rule-engine/internal/models/db/workflows.sql.go:291.2,291.35 1 0
github.com/rule-engine/internal/models/db/workflows.sql.go:291.35,293.3 1 0
github.com/rule-engine/internal/models/db/workflows.sql.go:294.2,294.19 1 0
github.com/rule-engine/internal/models/db/workflows.sql.go:310.89,318.2 2 0
github.com/rule-engine/internal/models/db/workflows.sql.go:335.87,345.2 2 0
github.com/rule-engine/internal/models/db/workflows.sql.go:360.95,365.2 4 0
github.com/rule-engine/internal/domain/errors.go:88.37,89.16 1 0
github.com/rule-engine/internal/domain/errors.go:92.49,93.29 1 0
github.com/rule-engine/internal/domain/errors.go:95.73,96.29 1 0
github.com/rule-engine/internal/domain/errors.go:102.31,103.31 1 0
github.com/rule-engine/internal/domain/errors.go:104.56,105.33 1 0
github.com/rule-engine/internal/domain/errors.go:106.38,107.30 1 0
github.com/rule-engine/internal/domain/errors.go:108.33,109.39 1 0
github.com/rule-engine/internal/domain/errors.go:110.38,111.40 1 0
github.com/rule-engine/internal/domain/errors.go:112.10,113.40 1 0
github.com/rule-engine/internal/domain/errors.go:118.35,120.2 1 0
github.com/rule-engine/internal/domain/errors.go:123.50,129.2 1 1
github.com/rule-engine/internal/domain/errors.go:132.39,133.14 1 1
github.com/rule-engine/internal/domain/errors.go:134.56,135.24 1 1
github.com/rule-engine/internal/domain/errors.go:136.38,137.21 1 1
github.com/rule-engine/internal/domain/errors.go:139.73,140.21 1 1
github.com/rule-engine/internal/domain/errors.go:143.49,144.20 1 1
github.com/rule-engine/internal/domain/errors.go:145.33,146.31 1 1
github.com/rule-engine/internal/domain/errors.go:147.38,148.32 1 1
github.com/rule-engine/internal/domain/errors.go:154.31,155.23 1 1
github.com/rule-engine/internal/domain/errors.go:156.10,157.26 1 1
github.com/rule-engine/internal/domain/models.go:20.38,21.14 1 0
github.com/rule-engine/internal/domain/models.go:21.14,23.3 1 0
github.com/rule-engine/internal/domain/models.go:25.2,25.35 1 0
github.com/rule-engine/internal/domain/models.go:25.35,27.3 1 0
github.com/rule-engine/internal/domain/models.go:29.2,29.20 1 0
github.com/rule-engine/internal/domain/models.go:29.20,31.3 1 0
github.com/rule-engine/internal/domain/models.go:34.2,34.63 1 0
github.com/rule-engine/internal/domain/models.go:34.63,36.3 1 0
github.com/rule-engine/internal/domain/models.go:39.2,40.64 1 0
github.com/rule-engine/internal/domain/models.go:40.64,42.3 1 0
github.com/rule-engine/internal/domain/models.go:44.2,44.42 1 0
github.com/rule-engine/internal/domain/models.go:44.42,46.3 1 0
github.com/rule-engine/internal/domain/models.go:48.2,48.30 1 0
github.com/rule-engine/internal/domain/models.go:48.30,50.3 1 0
github.com/rule-engine/internal/domain/models.go:52.2,52.12 1 0
github.com/rule-engine/internal/domain/models.go:66.34,67.14 1 0
github.com/rule-engine/internal/domain/models.go:67.14,69.3 1 0
github.com/rule-engine/internal/domain/models.go:71.2,71.40 1 0
github.com/rule-engine/internal/domain/models.go:71.40,73.3 1 0
github.com/rule-engine/internal/domain/models.go:76.2,83.44 2 0
github.com/rule-engine/internal/domain/models.go:83.44,85.3 1 0
github.com/rule-engine/internal/domain/models.go:88.2,88.12 1 0
github.com/rule-engine/internal/domain/models.go:108.37,109.14 1 0
github.com/rule-engine/internal/domain/models.go:109.14,111.3 1 0
github.com/rule-engine/internal/domain/models.go:113.2,113.24 1 0
github.com/rule-engine/internal/domain/models.go:113.24,115.3 1 0
github.com/rule-engine/internal/domain/models.go:117.2,117.18 1 0
github.com/rule-engine/internal/domain/models.go:117.18,119.3 1 0
github.com/rule-engine/internal/domain/models.go:122.2,124.31 3 0
github.com/rule-engine/internal/domain/models.go:124.31,125.18 1 0
github.com/rule-engine/internal/domain/models.go:125.18,127.9 2 0
github.com/rule-engine/internal/domain/models.go:130.2,130.18 1 0
github.com/rule-engine/internal/domain/models.go:130.18,132.3 1 0
github.com/rule-engine/internal/domain/models.go:135.2,135.16 1 0
github.com/rule-engine/internal/domain/models.go:136.57,137.23 1 0
github.com/rule-engine/internal/domain/models.go:137.23,139.4 1 0
github.com/rule-engine/internal/domain/models.go:140.3,140.24 1 0
github.com/rule-engine/internal/domain/models.go:140.24,142.4 1 0
github.com/rule-engine/internal/domain/models.go:143.22,144.25 1 0
github.com/rule-engine/internal/domain/models.go:144.25,146.4 1 0
github.com/rule-engine/internal/domain/models.go:147.3,147.22 1 0
github.com/rule-engine/internal/domain/models.go:147.22,149.4 1 0
github.com/rule-engine/internal/domain/models.go:152.2,152.12 1 0
github.com/rule-engine/internal/domain/models.go:156.47,157.16 1 0
github.com/rule-engine/internal/domain/models.go:158.57,159.34 1 0
github.com/rule-engine/internal/domain/models.go:160.22,161.32 1 0
github.com/rule-engine/internal/domain/models.go:162.10,163.12 1 0
github.com/rule-engine/internal/domain/models.go:182.33,183.14 1 0
github.com/rule-engine/internal/domain/models.go:183.14,185.3 1 0
github.com/rule-engine/internal/domain/models.go:187.2,187.39 1 0
github.com/rule-engine/internal/domain/models.go:187.39,189.3 1 0
github.com/rule-engine/internal/domain/models.go:191.2,191.38 1 0
github.com/rule-engine/internal/domain/models.go:191.38,193.3 1 0
github.com/rule-engine/internal/domain/models.go:196.2,198.31 3 0
github.com/rule-engine/internal/domain/models.go:198.31,199.19 1 0
github.com/rule-engine/internal/domain/models.go:199.19,201.9 2 0
github.com/rule-engine/internal/domain/models.go:204.2,204.19 1 0
github.com/rule-engine/internal/domain/models.go:204.19,206.3 1 0
github.com/rule-engine/internal/domain/models.go:208.2,208.12 1 0
github.com/rule-engine/internal/domain/models.go:226.37,227.14 1 1
github.com/rule-engine/internal/domain/models.go:227.14,229.3 1 0
github.com/rule-engine/internal/domain/models.go:231.2,231.43 1 1
github.com/rule-engine/internal/domain/models.go:231.43,233.3 1 0
github.com/rule-engine/internal/domain/models.go:235.2,235.40 1 1
github.com/rule-engine/internal/domain/models.go:235.40,237.3 1 0
github.com/rule-engine/internal/domain/models.go:240.2,240.50 1 1
github.com/rule-engine/internal/domain/models.go:240.50,242.3 1 1
github.com/rule-engine/internal/domain/models.go:244.2,244.12 1 1
github.com/rule-engine/internal/domain/models.go:249.50,250.20 1 1
github.com/rule-engine/internal/domain/models.go:250.20,252.3 1 0
github.com/rule-engine/internal/domain/models.go:254.2,255.56 2 1
github.com/rule-engine/internal/domain/models.go:255.56,257.3 1 0
github.com/rule-engine/internal/domain/models.go:260.2,263.30 2 1
github.com/rule-engine/internal/domain/models.go:263.30,265.3 1 1
github.com/rule-engine/internal/domain/models.go:268.2,268.40 1 1
github.com/rule-engine/internal/domain/models.go:268.40,270.10 2 1
github.com/rule-engine/internal/domain/models.go:270.10,271.12 1 1
github.com/rule-engine/internal/domain/models.go:274.3,275.25 2 1
github.com/rule-engine/internal/domain/models.go:275.25,277.76 1 1
github.com/rule-engine/internal/domain/models.go:277.76,279.5 1 1
github.com/rule-engine/internal/domain/models.go:280.4,280.79 1 1
github.com/rule-engine/internal/domain/models.go:280.79,282.5 1 1
github.com/rule-engine/internal/domain/models.go:288.2,291.38 3 1
github.com/rule-engine/internal/domain/models.go:291.38,292.25 1 1
github.com/rule-engine/internal/domain/models.go:292.25,293.60 1 1
github.com/rule-engine/internal/domain/models.go:293.60,295.5 1 1
github.com/rule-engine/internal/domain/models.go:300.2,300.80 1 1
github.com/rule-engine/internal/domain/models.go:300.80,302.3 1 1
github.com/rule-engine/internal/domain/models.go:304.2,304.12 1 1
github.com/rule-engine/internal/domain/models.go:309.123,313.40 2 1
github.com/rule-engine/internal/domain/models.go:313.40,315.10 2 1
github.com/rule-engine/internal/domain/models.go:315.10,316.12 1 1
github.com/rule-engine/internal/domain/models.go:318.3,319.29 2 1
github.com/rule-engine/internal/domain/models.go:319.29,321.4 1 1
github.com/rule-engine/internal/domain/models.go:325.2,325.128 1 1
github.com/rule-engine/internal/domain/models.go:325.128,327.3 1 1
github.com/rule-engine/internal/domain/models.go:328.2,328.12 1 1
github.com/rule-engine/internal/domain/models.go:332.196,334.67 1 1
github.com/rule-engine/internal/domain/models.go:334.67,336.3 1 1
github.com/rule-engine/internal/domain/models.go:337.2,337.24 1 1
github.com/rule-engine/internal/domain/models.go:337.24,339.3 1 0
github.com/rule-engine/internal/domain/models.go:340.2,341.15 2 1
github.com/rule-engine/internal/domain/models.go:341.15,341.45 1 1
github.com/rule-engine/internal/domain/models.go:343.2,344.13 2 1
github.com/rule-engine/internal/domain/models.go:344.13,346.3 1 1
github.com/rule-engine/internal/domain/models.go:347.2,348.9 2 1
github.com/rule-engine/internal/domain/models.go:348.9,350.3 1 1
github.com/rule-engine/internal/domain/models.go:351.2,353.28 2 1
github.com/rule-engine/internal/domain/models.go:353.28,356.3 2 0
github.com/rule-engine/internal/domain/models.go:358.2,358.24 1 1
github.com/rule-engine/internal/domain/models.go:358.24,361.17 3 1
github.com/rule-engine/internal/domain/models.go:361.17,363.4 1 1
github.com/rule-engine/internal/domain/models.go:364.3,364.18 1 1
github.com/rule-engine/internal/domain/models.go:364.18,366.4 1 1
github.com/rule-engine/internal/domain/models.go:369.3,370.21 2 1
github.com/rule-engine/internal/domain/models.go:370.21,372.4 1 1
github.com/rule-engine/internal/domain/models.go:374.3,375.22 2 1
github.com/rule-engine/internal/domain/models.go:375.22,377.4 1 1
github.com/rule-engine/internal/domain/models.go:378.3,379.13 2 1
github.com/rule-engine/internal/domain/models.go:382.2,382.60 1 1
github.com/rule-engine/internal/domain/models.go:386.73,387.84 1 1
github.com/rule-engine/internal/domain/models.go:387.84,389.3 1 1
github.com/rule-engine/internal/domain/models.go:390.2,390.115 1 1
github.com/rule-engine/internal/domain/models.go:402.37,403.14 1 0
github.com/rule-engine/internal/domain/models.go:403.14,405.3 1 0
github.com/rule-engine/internal/domain/models.go:407.2,407.43 1 0
github.com/rule-engine/internal/domain/models.go:407.43,409.3 1 0
github.com/rule-engine/internal/domain/models.go:411.2,411.12 1 0
github.com/rule-engine/internal/domain/models.go:422.45,423.14 1 0
github.com/rule-engine/internal/domain/models.go:423.14,425.3 1 0
github.com/rule-engine/internal/domain/models.go:427.2,427.42 1 0
github.com/rule-engine/internal/domain/models.go:427.42,429.3 1 0
github.com/rule-engine/internal/domain/models.go:431.2,431.41 1 0
github.com/rule-engine/internal/domain/models.go:431.41,433.3 1 0
github.com/rule-engine/internal/domain/models.go:435.2,435.12 1 0
github.com/rule-engine/internal/domain/models.go:448.45,449.14 1 0
github.com/rule-engine/internal/domain/models.go:449.14,451.3 1 0
github.com/rule-engine/internal/domain/models.go:453.2,453.42 1 0
github.com/rule-engine/internal/domain/models.go:453.42,455.3 1 0
github.com/rule-engine/internal/domain/models.go:457.2,457.44 1 0
github.com/rule-engine/internal/domain/models.go:457.44,459.3 1 0
github.com/rule-engine/internal/domain/models.go:461.2,461.44 1 0
github.com/rule-engine/internal/domain/models.go:461.44,463.3 1 0
github.com/rule-engine/internal/domain/models.go:465.2,465.19 1 0
github.com/rule-engine/internal/domain/models.go:465.19,467.3 1 0
github.com/rule-engine/internal/domain/models.go:469.2,469.12 1 0
github.com/rule-engine/internal/domain/models.go:533.107,537.51 3 1
github.com/rule-engine/internal/domain/models.go:537.51,538.25 1 1
github.com/rule-engine/internal/domain/models.go:538.25,539.60 1 1
github.com/rule-engine/internal/domain/models.go:539.60,541.5 1 1
github.com/rule-engine/internal/domain/models.go:542.9,542.32 1 1
github.com/rule-engine/internal/domain/models.go:542.32,544.4 1 1
github.com/rule-engine/internal/domain/models.go:547.2,548.14 2 1
github.com/rule-engine/internal/execution/cache_refresh.go:59.24,73.2 1 0
github.com/rule-engine/internal/execution/cache_refresh.go:76.64,77.36 1 0
github.com/rule-engine/internal/execution/cache_refresh.go:77.36,80.3 2 0
github.com/rule-engine/internal/execution/cache_refresh.go:82.2,89.47 2 0
github.com/rule-engine/internal/execution/cache_refresh.go:89.47,91.3 1 0
github.com/rule-engine/internal/execution/cache_refresh.go:93.2,96.12 3 0
github.com/rule-engine/internal/execution/cache_refresh.go:100.44,101.36 1 0
github.com/rule-engine/internal/execution/cache_refresh.go:101.36,103.3 1 0
github.com/rule-engine/internal/execution/cache_refresh.go:105.2,109.12 5 0
github.com/rule-engine/internal/execution/cache_refresh.go:113.64,119.6 4 0
github.com/rule-engine/internal/execution/cache_refresh.go:119.6,120.10 1 0
github.com/rule-engine/internal/execution/cache_refresh.go:121.21,123.10 2 0
github.com/rule-engine/internal/execution/cache_refresh.go:124.21,126.10 2 0
github.com/rule-engine/internal/execution/cache_refresh.go:127.19,128.49 1 0
github.com/rule-engine/internal/execution/cache_refresh.go:128.49,130.5 1 0
github.com/rule-engine/internal/execution/cache_refresh.go:136.74,137.47 1 0
github.com/rule-engine/internal/execution/cache_refresh.go:137.47,140.17 2 0
github.com/rule-engine/internal/execution/cache_refresh.go:140.17,142.4 1 0
github.com/rule-engine/internal/execution/cache_refresh.go:145.3,145.40 1 0
github.com/rule-engine/internal/execution/cache_refresh.go:145.40,146.66 1 0
github.com/rule-engine/internal/execution/cache_refresh.go:146.66,148.5 1 0
github.com/rule-engine/internal/execution/cache_refresh.go:151.3,151.13 1 0
github.com/rule-engine/internal/execution/cache_refresh.go:156.98,158.67 1 0
github.com/rule-engine/internal/execution/cache_refresh.go:158.67,161.3 2 0
github.com/rule-engine/internal/execution/cache_refresh.go:164.2,165.16 2 0
github.com/rule-engine/internal/execution/cache_refresh.go:165.16,168.3 2 0
github.com/rule-engine/internal/execution/cache_refresh.go:170.2,174.37 4 0
github.com/rule-engine/internal/execution/cache_refresh.go:174.37,181.56 2 0
github.com/rule-engine/internal/execution/cache_refresh.go:181.56,184.4 2 0
github.com/rule-engine/internal/execution/cache_refresh.go:186.3,195.82 7 0
github.com/rule-engine/internal/execution/cache_refresh.go:196.8,199.28 2 0
github.com/rule-engine/internal/execution/cache_refresh.go:199.28,202.4 2 0
github.com/rule-engine/internal/execution/cache_refresh.go:205.2,205.12 1 0
github.com/rule-engine/internal/execution/cache_refresh.go:209.101,211.16 2 0
github.com/rule-engine/internal/execution/cache_refresh.go:211.16,213.3 1 0
github.com/rule-engine/internal/execution/cache_refresh.go:214.2,214.12 1 0
github.com/rule-engine/internal/execution/cache_refresh.go:218.107,221.16 3 0
github.com/rule-engine/internal/execution/cache_refresh.go:221.16,223.3 1 0
github.com/rule-engine/internal/execution/cache_refresh.go:224.2,224.22 1 0
github.com/rule-engine/internal/execution/cache_refresh.go:228.87,232.2 1 0
github.com/rule-engine/internal/execution/cache_refresh.go:235.58,241.16 4 0
github.com/rule-engine/internal/execution/cache_refresh.go:241.16,243.3 1 0
github.com/rule-engine/internal/execution/cache_refresh.go:247.2,247.39 1 0
github.com/rule-engine/internal/execution/cache_refresh.go:247.39,248.68 1 0
github.com/rule-engine/internal/execution/cache_refresh.go:248.68,250.4 1 0
github.com/rule-engine/internal/execution/cache_refresh.go:253.2,254.12 2 0
github.com/rule-engine/internal/execution/cache_refresh.go:258.84,260.16 2 0
github.com/rule-engine/internal/execution/cache_refresh.go:260.16,262.3 1 0
github.com/rule-engine/internal/execution/cache_refresh.go:263.2,266.18 3 0
github.com/rule-engine/internal/execution/cache_refresh.go:266.18,268.47 2 0
github.com/rule-engine/internal/execution/cache_refresh.go:268.47,270.4 1 0
github.com/rule-engine/internal/execution/cache_refresh.go:271.3,271.45 1 0
github.com/rule-engine/internal/execution/cache_refresh.go:274.2,274.35 1 0
github.com/rule-engine/internal/execution/cache_refresh.go:274.35,276.3 1 0
github.com/rule-engine/internal/execution/cache_refresh.go:278.2,278.24 1 0
github.com/rule-engine/internal/execution/cache_refresh.go:282.89,285.71 2 0
github.com/rule-engine/internal/execution/cache_refresh.go:285.71,287.3 1 0
github.com/rule-engine/internal/execution/cache_refresh.go:290.2,295.12 3 0
github.com/rule-engine/internal/execution/cache_refresh.go:299.78,303.2 1 0
github.com/rule-engine/internal/execution/cache_refresh.go:308.65,310.17 2 1
github.com/rule-engine/internal/execution/cache_refresh.go:310.17,313.3 2 1
github.com/rule-engine/internal/execution/cache_refresh.go:314.2,318.12 4 1
github.com/rule-engine/internal/execution/cache_refresh.go:322.41,323.36 1 1
github.com/rule-engine/internal/execution/cache_refresh.go:323.36,325.47 1 1
github.com/rule-engine/internal/execution/cache_refresh.go:325.47,328.4 2 1
github.com/rule-engine/internal/execution/cache_refresh.go:329.3,329.14 1 1
github.com/rule-engine/internal/execution/cache_refresh.go:331.2,331.14 1 1
github.com/rule-engine/internal/execution/cache_refresh.go:335.51,339.16 3 1
github.com/rule-engine/internal/execution/cache_refresh.go:339.16,343.36 3 1
github.com/rule-engine/internal/execution/cache_refresh.go:343.36,345.4 1 1
github.com/rule-engine/internal/execution/cache_refresh.go:346.8,350.3 2 1
github.com/rule-engine/internal/execution/cache_refresh.go:354.58,358.2 3 1
github.com/rule-engine/internal/execution/cache_refresh.go:361.45,365.2 3 1
github.com/rule-engine/internal/execution/cache_refresh.go:368.54,372.2 3 0
github.com/rule-engine/internal/execution/engine.go:73.11,88.2 1 1
github.com/rule-engine/internal/execution/engine.go:91.116,94.23 2 1
github.com/rule-engine/internal/execution/engine.go:94.23,97.3 2 0
github.com/rule-engine/internal/execution/engine.go:100.2,100.63 1 1
github.com/rule-engine/internal/execution/engine.go:100.63,103.3 2 0
github.com/rule-engine/internal/execution/engine.go:106.2,107.16 2 1
github.com/rule-engine/internal/execution/engine.go:107.16,110.3 2 0
github.com/rule-engine/internal/execution/engine.go:113.2,114.13 2 1
github.com/rule-engine/internal/execution/engine.go:114.13,117.3 2 1
github.com/rule-engine/internal/execution/engine.go:120.2,127.15 2 1
github.com/rule-engine/internal/execution/engine.go:127.15,132.3 1 1
github.com/rule-engine/internal/execution/engine.go:135.2,136.16 2 1
github.com/rule-engine/internal/execution/engine.go:136.16,139.3 2 0
github.com/rule-engine/internal/execution/engine.go:142.2,151.43 2 1
github.com/rule-engine/internal/execution/engine.go:151.43,154.3 2 1
github.com/rule-engine/internal/execution/engine.go:157.2,160.22 3 1
github.com/rule-engine/internal/execution/engine.go:164.120,167.27 2 1
github.com/rule-engine/internal/execution/engine.go:167.27,170.3 2 0
github.com/rule-engine/internal/execution/engine.go:173.2,173.63 1 1
github.com/rule-engine/internal/execution/engine.go:173.63,176.3 2 0
github.com/rule-engine/internal/execution/engine.go:179.2,180.16 2 1
github.com/rule-engine/internal/execution/engine.go:180.16,183.3 2 0
github.com/rule-engine/internal/execution/engine.go:186.2,187.13 2 1
github.com/rule-engine/internal/execution/engine.go:187.13,190.3 2 1
github.com/rule-engine/internal/execution/engine.go:193.2,200.15 2 1
github.com/rule-engine/internal/execution/engine.go:200.15,205.3 1 0
github.com/rule-engine/internal/execution/engine.go:208.2,209.16 2 1
github.com/rule-engine/internal/execution/engine.go:209.16,212.3 2 0
github.com/rule-engine/internal/execution/engine.go:215.2,224.43 2 1
github.com/rule-engine/internal/execution/engine.go:224.43,227.3 2 0
github.com/rule-engine/internal/execution/engine.go:230.2,233.22 3 1
github.com/rule-engine/internal/execution/engine.go:237.119,242.69 3 1
github.com/rule-engine/internal/execution/engine.go:242.69,244.3 1 0
github.com/rule-engine/internal/execution/engine.go:247.2,248.35 2 1
github.com/rule-engine/internal/execution/engine.go:248.35,250.3 1 1
github.com/rule-engine/internal/execution/engine.go:250.8,250.41 1 0
github.com/rule-engine/internal/execution/engine.go:250.41,252.3 1 0
github.com/rule-engine/internal/execution/engine.go:252.8,254.3 1 0
github.com/rule-engine/internal/execution/engine.go:257.2,257.39 1 1
github.com/rule-engine/internal/execution/engine.go:257.39,265.3 1 1
github.com/rule-engine/internal/execution/engine.go:267.2,267.20 1 1
github.com/rule-engine/internal/execution/engine.go:271.131,276.63 3 1
github.com/rule-engine/internal/execution/engine.go:276.63,278.3 1 0
github.com/rule-engine/internal/execution/engine.go:281.2,284.6 3 1
github.com/rule-engine/internal/execution/engine.go:284.6,286.14 2 1
github.com/rule-engine/internal/execution/engine.go:286.14,288.4 1 0
github.com/rule-engine/internal/execution/engine.go:290.3,291.10 2 1
github.com/rule-engine/internal/execution/engine.go:291.10,293.4 1 0
github.com/rule-engine/internal/execution/engine.go:295.3,299.17 3 1
github.com/rule-engine/internal/execution/engine.go:299.17,301.4 1 0
github.com/rule-engine/internal/execution/engine.go:303.3,306.47 2 1
github.com/rule-engine/internal/execution/engine.go:306.47,307.9 1 1
github.com/rule-engine/internal/execution/engine.go:310.3,310.25 1 0
github.com/rule-engine/internal/execution/engine.go:314.2,314.39 1 1
github.com/rule-engine/internal/execution/engine.go:314.39,322.3 1 0
github.com/rule-engine/internal/execution/engine.go:324.2,324.20 1 1
github.com/rule-engine/internal/execution/engine.go:328.165,329.18 1 1
github.com/rule-engine/internal/execution/engine.go:330.14,332.19 2 0
github.com/rule-engine/internal/execution/engine.go:332.19,334.4 1 0
github.com/rule-engine/internal/execution/engine.go:336.3,337.14 2 0
github.com/rule-engine/internal/execution/engine.go:337.14,339.4 1 0
github.com/rule-engine/internal/execution/engine.go:341.3,342.17 2 0
github.com/rule-engine/internal/execution/engine.go:342.17,344.4 1 0
github.com/rule-engine/internal/execution/engine.go:347.3,348.21 2 0
github.com/rule-engine/internal/execution/engine.go:348.21,350.4 1 0
github.com/rule-engine/internal/execution/engine.go:350.9,352.4 1 0
github.com/rule-engine/internal/execution/engine.go:354.3,354.31 1 0
github.com/rule-engine/internal/execution/engine.go:356.18,358.23 2 1
github.com/rule-engine/internal/execution/engine.go:358.23,360.4 1 0
github.com/rule-engine/internal/execution/engine.go:362.3,363.14 2 1
github.com/rule-engine/internal/execution/engine.go:363.14,365.4 1 0
github.com/rule-engine/internal/execution/engine.go:367.3,368.25 2 1
github.com/rule-engine/internal/execution/engine.go:370.10,371.68 1 0
github.com/rule-engine/internal/execution/engine.go:376.128,377.39 1 1
github.com/rule-engine/internal/execution/engine.go:377.39,378.51 1 1
github.com/rule-engine/internal/execution/engine.go:378.51,380.4 1 0
github.com/rule-engine/internal/execution/engine.go:382.2,382.13 1 1
github.com/rule-engine/internal/execution/engine.go:386.127,387.39 1 0
github.com/rule-engine/internal/execution/engine.go:387.39,388.50 1 0
github.com/rule-engine/internal/execution/engine.go:388.50,390.4 1 0
github.com/rule-engine/internal/execution/engine.go:392.2,392.14 1 0
github.com/rule-engine/internal/execution/engine.go:396.112,398.9 2 1
github.com/rule-engine/internal/execution/engine.go:398.9,400.3 1 0
github.com/rule-engine/internal/execution/engine.go:403.2,409.13 5 1
github.com/rule-engine/internal/execution/engine.go:409.13,411.3 1 0
github.com/rule-engine/internal/execution/engine.go:414.2,414.68 1 1
github.com/rule-engine/internal/execution/engine.go:418.155,419.18 1 1
github.com/rule-engine/internal/execution/engine.go:420.22,421.47 1 1
github.com/rule-engine/internal/execution/engine.go:422.26,423.48 1 1
github.com/rule-engine/internal/execution/engine.go:424.28,425.54 1 1
github.com/rule-engine/internal/execution/engine.go:426.38,427.55 1 1
github.com/rule-engine/internal/execution/engine.go:428.25,429.54 1 1
github.com/rule-engine/internal/execution/engine.go:430.35,431.55 1 1
github.com/rule-engine/internal/execution/engine.go:432.12,433.56 1 1
github.com/rule-engine/internal/execution/engine.go:434.16,435.57 1 1
github.com/rule-engine/internal/execution/engine.go:436.10,437.15 1 0
github.com/rule-engine/internal/execution/engine.go:442.41,445.16 3 1
github.com/rule-engine/internal/execution/engine.go:445.16,447.3 1 1
github.com/rule-engine/internal/execution/engine.go:448.2,448.32 1 0
github.com/rule-engine/internal/execution/engine.go:452.80,454.9 2 1
github.com/rule-engine/internal/execution/engine.go:454.9,456.3 1 0
github.com/rule-engine/internal/execution/engine.go:458.2,458.37 1 1
github.com/rule-engine/internal/execution/engine.go:458.37,459.24 1 1
github.com/rule-engine/internal/execution/engine.go:459.24,461.4 1 1
github.com/rule-engine/internal/execution/engine.go:463.2,463.14 1 1
github.com/rule-engine/internal/execution/engine.go:467.43,471.18 3 1
github.com/rule-engine/internal/execution/engine.go:471.18,473.3 1 0
github.com/rule-engine/internal/execution/engine.go:475.2,475.21 1 1
github.com/rule-engine/internal/execution/engine.go:475.21,477.3 1 1
github.com/rule-engine/internal/execution/engine.go:477.8,477.28 1 1
github.com/rule-engine/internal/execution/engine.go:477.28,479.3 1 1
github.com/rule-engine/internal/execution/engine.go:480.2,480.10 1 1
github.com/rule-engine/internal/execution/engine.go:484.47,485.25 1 1
github.com/rule-engine/internal/execution/engine.go:486.15,487.19 1 1
github.com/rule-engine/internal/execution/engine.go:488.15,489.28 1 0
github.com/rule-engine/internal/execution/engine.go:490.11,491.28 1 1
github.com/rule-engine/internal/execution/engine.go:492.13,493.28 1 0
github.com/rule-engine/internal/execution/engine.go:494.13,495.28 1 0
github.com/rule-engine/internal/execution/engine.go:496.10,497.18 1 0
github.com/rule-engine/internal/execution/engine.go:502.80,508.60 4 1
github.com/rule-engine/internal/execution/engine.go:508.60,509.65 1 1
github.com/rule-engine/internal/execution/engine.go:509.65,511.4 1 1
github.com/rule-engine/internal/execution/engine.go:512.3,512.40 1 1
github.com/rule-engine/internal/execution/engine.go:515.2,515.12 1 1
github.com/rule-engine/internal/execution/engine.go:519.85,522.54 2 1
github.com/rule-engine/internal/execution/engine.go:522.54,524.3 1 1
github.com/rule-engine/internal/execution/engine.go:527.2,532.84 4 1
github.com/rule-engine/internal/execution/engine.go:532.84,534.3 1 1
github.com/rule-engine/internal/execution/engine.go:537.2,538.16 2 1
github.com/rule-engine/internal/execution/engine.go:538.16,540.3 1 0
github.com/rule-engine/internal/execution/engine.go:543.2,545.28 3 1
github.com/rule-engine/internal/execution/engine.go:545.28,547.3 1 1
github.com/rule-engine/internal/execution/engine.go:547.8,551.3 1 0
github.com/rule-engine/internal/execution/engine.go:552.2,555.28 2 1
github.com/rule-engine/internal/execution/engine.go:555.28,560.3 1 1
github.com/rule-engine/internal/execution/engine.go:560.8,564.3 1 0
github.com/rule-engine/internal/execution/engine.go:566.2,566.12 1 1
github.com/rule-engine/internal/execution/engine.go:570.103,582.86 3 1
github.com/rule-engine/internal/execution/engine.go:582.86,584.3 1 0
github.com/rule-engine/internal/execution/engine.go:585.2,585.31 1 1
github.com/rule-engine/internal/execution/engine.go:585.31,587.3 1 0
github.com/rule-engine/internal/execution/engine.go:590.2,591.86 2 1
github.com/rule-engine/internal/execution/engine.go:591.86,593.3 1 0
github.com/rule-engine/internal/execution/engine.go:594.2,594.37 1 1
github.com/rule-engine/internal/execution/engine.go:594.37,596.3 1 0
github.com/rule-engine/internal/execution/engine.go:599.2,600.86 2 1
github.com/rule-engine/internal/execution/engine.go:600.86,602.3 1 0
github.com/rule-engine/internal/execution/engine.go:603.2,603.29 1 1
github.com/rule-engine/internal/execution/engine.go:603.29,605.3 1 0
github.com/rule-engine/internal/execution/engine.go:608.2,609.86 2 1
github.com/rule-engine/internal/execution/engine.go:609.86,611.3 1 0
github.com/rule-engine/internal/execution/engine.go:612.2,612.37 1 1
github.com/rule-engine/internal/execution/engine.go:612.37,614.3 1 0
github.com/rule-engine/internal/execution/engine.go:617.2,618.86 2 1
github.com/rule-engine/internal/execution/engine.go:618.86,620.3 1 0
github.com/rule-engine/internal/execution/engine.go:621.2,621.37 1 1
github.com/rule-engine/internal/execution/engine.go:621.37,623.3 1 0
github.com/rule-engine/internal/execution/engine.go:625.2,625.20 1 1
github.com/rule-engine/internal/execution/engine.go:629.81,634.13 4 1
github.com/rule-engine/internal/execution/engine.go:634.13,636.3 1 0
github.com/rule-engine/internal/execution/engine.go:638.2,638.20 1 1
github.com/rule-engine/internal/execution/engine.go:642.57,649.38 5 0
github.com/rule-engine/internal/execution/engine.go:649.38,651.3 1 0
github.com/rule-engine/internal/execution/engine.go:652.2,655.45 2 0
github.com/rule-engine/internal/execution/engine.go:655.45,656.65 1 0
github.com/rule-engine/internal/execution/engine.go:656.65,658.4 1 0
github.com/rule-engine/internal/execution/engine.go:661.2,661.12 1 0
github.com/rule-engine/internal/execution/engine.go:664.68,665.21 1 0
github.com/rule-engine/internal/execution/engine.go:665.21,667.3 1 0
github.com/rule-engine/internal/execution/engine.go:669.2,669.12 1 0
github.com/rule-engine/internal/execution/engine.go:672.56,673.17 1 0
github.com/rule-engine/internal/execution/engine.go:673.17,675.3 1 0
github.com/rule-engine/internal/execution/engine.go:677.2,677.12 1 0
github.com/rule-engine/internal/execution/engine.go:681.69,692.13 5 0
github.com/rule-engine/internal/execution/engine.go:692.13,697.3 2 0
github.com/rule-engine/internal/execution/engine.go:699.2,712.8 5 0
github.com/rule-engine/internal/handlers/admin.go:27.60,32.2 1 1
github.com/rule-engine/internal/handlers/admin.go:45.54,47.21 2 1
github.com/rule-engine/internal/handlers/admin.go:47.21,50.3 2 1
github.com/rule-engine/internal/handlers/admin.go:53.2,54.16 2 1
github.com/rule-engine/internal/handlers/admin.go:54.16,57.3 2 1
github.com/rule-engine/internal/handlers/admin.go:60.2,75.4 4 1
github.com/rule-engine/internal/handlers/admin.go:79.92,80.36 1 1
github.com/rule-engine/internal/handlers/admin.go:80.36,82.3 1 1
github.com/rule-engine/internal/handlers/admin.go:83.2,83.13 1 1
github.com/rule-engine/internal/handlers/admin.go:83.13,85.3 1 1
github.com/rule-engine/internal/handlers/admin.go:86.2,86.16 1 1
github.com/rule-engine/internal/handlers/execution.go:18.68,23.2 1 1
github.com/rule-engine/internal/handlers/execution.go:26.56,31.47 4 1
github.com/rule-engine/internal/handlers/execution.go:31.47,34.3 2 1
github.com/rule-engine/internal/handlers/execution.go:37.2,41.39 3 1
github.com/rule-engine/internal/handlers/execution.go:41.39,44.3 2 1
github.com/rule-engine/internal/handlers/execution.go:47.2,47.32 1 1
github.com/rule-engine/internal/handlers/execution.go:47.32,49.3 1 1
github.com/rule-engine/internal/handlers/execution.go:52.2,53.16 2 1
github.com/rule-engine/internal/handlers/execution.go:53.16,56.3 2 1
github.com/rule-engine/internal/handlers/execution.go:58.2,58.33 1 1
github.com/rule-engine/internal/handlers/execution.go:62.60,67.47 4 1
github.com/rule-engine/internal/handlers/execution.go:67.47,70.3 2 0
github.com/rule-engine/internal/handlers/execution.go:73.2,77.39 3 1
github.com/rule-engine/internal/handlers/execution.go:77.39,80.3 2 1
github.com/rule-engine/internal/handlers/execution.go:83.2,83.32 1 1
github.com/rule-engine/internal/handlers/execution.go:83.32,85.3 1 0
github.com/rule-engine/internal/handlers/execution.go:88.2,89.16 2 1
github.com/rule-engine/internal/handlers/execution.go:89.16,92.3 2 1
github.com/rule-engine/internal/handlers/execution.go:94.2,94.33 1 1
github.com/rule-engine/internal/handlers/execution.go:98.39,104.2 1 0
github.com/rule-engine/internal/handlers/field.go:29.72,34.2 1 0
github.com/rule-engine/internal/handlers/field.go:56.51,60.16 3 0
github.com/rule-engine/internal/handlers/field.go:60.16,63.3 2 0
github.com/rule-engine/internal/handlers/field.go:66.2,67.31 2 0
github.com/rule-engine/internal/handlers/field.go:67.31,69.3 1 0
github.com/rule-engine/internal/handlers/field.go:71.2,71.35 1 0
github.com/rule-engine/internal/handlers/field.go:75.52,79.47 3 0
github.com/rule-engine/internal/handlers/field.go:79.47,82.3 2 0
github.com/rule-engine/internal/handlers/field.go:85.2,86.13 2 0
github.com/rule-engine/internal/handlers/field.go:86.13,89.3 2 0
github.com/rule-engine/internal/handlers/field.go:91.2,99.16 3 0
github.com/rule-engine/internal/handlers/field.go:99.16,102.3 2 0
github.com/rule-engine/internal/handlers/field.go:105.2,106.16 2 0
github.com/rule-engine/internal/handlers/field.go:106.16,109.3 2 0
github.com/rule-engine/internal/handlers/field.go:111.2,112.40 2 0
github.com/rule-engine/internal/handlers/field.go:117.106,120.2 2 0
github.com/rule-engine/internal/handlers/field.go:122.103,125.2 2 0
github.com/rule-engine/internal/handlers/field.go:127.108,130.2 2 0
github.com/rule-engine/internal/handlers/field.go:132.48,138.65 5 0
github.com/rule-engine/internal/handlers/field.go:138.65,138.84 1 0
github.com/rule-engine/internal/handlers/field.go:140.2,140.38 1 0
github.com/rule-engine/internal/handlers/field.go:140.38,150.3 9 0
github.com/rule-engine/internal/handlers/field.go:152.2,152.36 1 0
github.com/rule-engine/internal/handlers/field.go:152.36,161.3 8 0
github.com/rule-engine/internal/handlers/field.go:164.49,170.66 5 0
github.com/rule-engine/internal/handlers/field.go:170.66,173.3 2 0
github.com/rule-engine/internal/handlers/field.go:175.2,177.38 2 0
github.com/rule-engine/internal/handlers/field.go:177.38,188.3 10 0
github.com/rule-engine/internal/handlers/field.go:190.2,190.47 1 0
github.com/rule-engine/internal/handlers/field.go:190.47,199.3 8 0
github.com/rule-engine/internal/handlers/field.go:201.2,201.44 1 0
github.com/rule-engine/internal/handlers/field.go:201.44,211.3 9 0
github.com/rule-engine/internal/handlers/function.go:19.92,24.2 1 1
github.com/rule-engine/internal/handlers/function.go:27.58,29.21 2 1
github.com/rule-engine/internal/handlers/function.go:29.21,32.3 2 1
github.com/rule-engine/internal/handlers/function.go:34.2,35.47 2 1
github.com/rule-engine/internal/handlers/function.go:35.47,38.3 2 1
github.com/rule-engine/internal/handlers/function.go:41.2,42.32 2 1
github.com/rule-engine/internal/handlers/function.go:42.32,45.3 2 1
github.com/rule-engine/internal/handlers/function.go:47.2,56.16 3 1
github.com/rule-engine/internal/handlers/function.go:56.16,59.3 2 1
github.com/rule-engine/internal/handlers/function.go:61.2,65.38 2 1
github.com/rule-engine/internal/handlers/function.go:69.55,73.41 3 1
github.com/rule-engine/internal/handlers/function.go:73.41,76.3 2 1
github.com/rule-engine/internal/handlers/function.go:78.2,79.16 2 1
github.com/rule-engine/internal/handlers/function.go:79.16,82.3 2 1
github.com/rule-engine/internal/handlers/function.go:84.2,85.35 2 1
github.com/rule-engine/internal/handlers/function.go:89.57,91.21 2 1
github.com/rule-engine/internal/handlers/function.go:91.21,94.3 2 1
github.com/rule-engine/internal/handlers/function.go:96.2,97.16 2 1
github.com/rule-engine/internal/handlers/function.go:97.16,100.3 2 1
github.com/rule-engine/internal/handlers/function.go:102.2,103.35 2 1
github.com/rule-engine/internal/handlers/function.go:107.58,111.41 3 1
github.com/rule-engine/internal/handlers/function.go:111.41,114.3 2 0
github.com/rule-engine/internal/handlers/function.go:116.2,117.47 2 1
github.com/rule-engine/internal/handlers/function.go:117.47,120.3 2 1
github.com/rule-engine/internal/handlers/function.go:123.2,124.32 2 1
github.com/rule-engine/internal/handlers/function.go:124.32,127.3 2 0
github.com/rule-engine/internal/handlers/function.go:129.2,137.16 3 1
github.com/rule-engine/internal/handlers/function.go:137.16,140.3 2 1
github.com/rule-engine/internal/handlers/function.go:143.2,144.16 2 1
github.com/rule-engine/internal/handlers/function.go:144.16,147.3 2 0
github.com/rule-engine/internal/handlers/function.go:149.2,152.33 2 1
github.com/rule-engine/internal/handlers/function.go:156.59,160.41 3 1
github.com/rule-engine/internal/handlers/function.go:160.41,163.3 2 1
github.com/rule-engine/internal/handlers/function.go:166.2,167.32 2 1
github.com/rule-engine/internal/handlers/function.go:167.32,170.3 2 0
github.com/rule-engine/internal/handlers/function.go:172.2,173.16 2 1
github.com/rule-engine/internal/handlers/function.go:173.16,176.3 2 1
github.com/rule-engine/internal/handlers/function.go:179.2,180.16 2 1
github.com/rule-engine/internal/handlers/function.go:180.16,183.3 2 1
github.com/rule-engine/internal/handlers/function.go:185.2,186.35 2 1
github.com/rule-engine/internal/handlers/function.go:190.58,195.61 4 0
github.com/rule-engine/internal/handlers/function.go:195.61,198.3 2 0
github.com/rule-engine/internal/handlers/function.go:201.2,202.66 2 0
github.com/rule-engine/internal/handlers/function.go:202.66,205.3 2 0
github.com/rule-engine/internal/handlers/function.go:209.2,211.32 2 0
github.com/rule-engine/internal/handlers/namespace.go:16.96,21.2 1 1
github.com/rule-engine/internal/handlers/namespace.go:24.60,26.47 2 1
github.com/rule-engine/internal/handlers/namespace.go:26.47,29.3 2 0
github.com/rule-engine/internal/handlers/namespace.go:32.2,33.13 2 1
github.com/rule-engine/internal/handlers/namespace.go:33.13,36.3 2 0
github.com/rule-engine/internal/handlers/namespace.go:38.2,45.16 3 1
github.com/rule-engine/internal/handlers/namespace.go:45.16,48.3 2 1
github.com/rule-engine/internal/handlers/namespace.go:50.2,51.40 2 1
github.com/rule-engine/internal/handlers/namespace.go:55.57,57.14 2 1
github.com/rule-engine/internal/handlers/namespace.go:57.14,60.3 2 1
github.com/rule-engine/internal/handlers/namespace.go:62.2,63.16 2 1
github.com/rule-engine/internal/handlers/namespace.go:63.16,66.3 2 1
github.com/rule-engine/internal/handlers/namespace.go:68.2,69.35 2 1
github.com/rule-engine/internal/handlers/namespace.go:73.59,75.16 2 1
github.com/rule-engine/internal/handlers/namespace.go:75.16,78.3 2 1
github.com/rule-engine/internal/handlers/namespace.go:80.2,81.39 2 1
github.com/rule-engine/internal/handlers/namespace.go:81.39,83.3 1 1
github.com/rule-engine/internal/handlers/namespace.go:84.2,84.35 1 1
github.com/rule-engine/internal/handlers/namespace.go:88.60,90.14 2 1
github.com/rule-engine/internal/handlers/namespace.go:90.14,93.3 2 1
github.com/rule-engine/internal/handlers/namespace.go:95.2,96.16 2 1
github.com/rule-engine/internal/handlers/namespace.go:96.16,99.3 2 1
github.com/rule-engine/internal/handlers/namespace.go:101.2,101.32 1 1
github.com/rule-engine/internal/handlers/response.go:18.44,20.2 1 1
github.com/rule-engine/internal/handlers/response.go:23.85,28.2 1 1
github.com/rule-engine/internal/handlers/response.go:31.87,37.2 1 1
github.com/rule-engine/internal/handlers/response.go:40.70,42.2 1 1
github.com/rule-engine/internal/handlers/response.go:45.72,47.2 1 1
github.com/rule-engine/internal/handlers/response.go:50.69,52.2 1 0
github.com/rule-engine/internal/handlers/response.go:55.68,57.2 1 0
github.com/rule-engine/internal/handlers/response.go:60.68,62.2 1 0
github.com/rule-engine/internal/handlers/response.go:65.79,67.2 1 0
github.com/rule-engine/internal/handlers/response.go:70.69,72.2 1 1
github.com/rule-engine/internal/handlers/response.go:75.64,77.2 1 1
github.com/rule-engine/internal/handlers/response.go:80.53,82.2 1 1
github.com/rule-engine/internal/handlers/response.go:86.79,87.16 1 1
github.com/rule-engine/internal/handlers/response.go:87.16,89.3 1 0
github.com/rule-engine/internal/handlers/response.go:92.2,92.46 1 1
github.com/rule-engine/internal/handlers/response.go:92.46,95.3 2 1
github.com/rule-engine/internal/handlers/response.go:98.2,99.23 2 1
github.com/rule-engine/internal/handlers/response.go:99.23,107.41 2 1
github.com/rule-engine/internal/handlers/response.go:107.41,114.4 2 0
github.com/rule-engine/internal/handlers/response.go:117.3,122.50 1 1
github.com/rule-engine/internal/handlers/response.go:122.50,129.4 2 0
github.com/rule-engine/internal/handlers/response.go:130.3,130.39 1 1
github.com/rule-engine/internal/handlers/response.go:134.2,147.4 2 1
github.com/rule-engine/internal/handlers/response.go:151.108,158.2 1 1
github.com/rule-engine/internal/handlers/response.go:161.92,169.2 1 0
github.com/rule-engine/internal/handlers/response.go:172.104,186.2 1 1
github.com/rule-engine/internal/handlers/response.go:189.110,191.37 2 1
github.com/rule-engine/internal/handlers/response.go:191.37,193.3 1 1
github.com/rule-engine/internal/handlers/response.go:194.2,194.17 1 1
github.com/rule-engine/internal/handlers/response.go:198.88,210.2 1 1
github.com/rule-engine/internal/handlers/response.go:213.94,215.29 2 1
github.com/rule-engine/internal/handlers/response.go:215.29,217.3 1 1
github.com/rule-engine/internal/handlers/response.go:218.2,218.17 1 1
github.com/rule-engine/internal/handlers/response.go:222.101,224.29 2 0
github.com/rule-engine/internal/handlers/response.go:224.29,226.3 1 0
github.com/rule-engine/internal/handlers/response.go:227.2,227.17 1 0
github.com/rule-engine/internal/handlers/response.go:231.104,237.2 1 1
github.com/rule-engine/internal/handlers/response.go:240.104,252.2 1 1
github.com/rule-engine/internal/handlers/response.go:255.110,257.37 2 1
github.com/rule-engine/internal/handlers/response.go:257.37,259.3 1 1
github.com/rule-engine/internal/handlers/response.go:260.2,260.17 1 1
github.com/rule-engine/internal/handlers/response.go:263.29,267.2 3 1
github.com/rule-engine/internal/handlers/rule.go:19.76,24.2 1 1
github.com/rule-engine/internal/handlers/rule.go:27.50,29.21 2 1
github.com/rule-engine/internal/handlers/rule.go:29.21,32.3 2 1
github.com/rule-engine/internal/handlers/rule.go:34.2,35.47 2 1
github.com/rule-engine/internal/handlers/rule.go:35.47,38.3 2 1
github.com/rule-engine/internal/handlers/rule.go:41.2,42.32 2 1
github.com/rule-engine/internal/handlers/rule.go:42.32,45.3 2 1
github.com/rule-engine/internal/handlers/rule.go:47.2,55.16 3 1
github.com/rule-engine/internal/handlers/rule.go:55.16,58.3 2 1
github.com/rule-engine/internal/handlers/rule.go:60.2,64.38 2 1
github.com/rule-engine/internal/handlers/rule.go:68.47,72.37 3 1
github.com/rule-engine/internal/handlers/rule.go:72.37,75.3 2 1
github.com/rule-engine/internal/handlers/rule.go:77.2,78.16 2 1
github.com/rule-engine/internal/handlers/rule.go:78.16,81.3 2 1
github.com/rule-engine/internal/handlers/rule.go:83.2,84.33 2 1
github.com/rule-engine/internal/handlers/rule.go:88.52,92.37 3 0
github.com/rule-engine/internal/handlers/rule.go:92.37,95.3 2 0
github.com/rule-engine/internal/handlers/rule.go:97.2,98.16 2 0
github.com/rule-engine/internal/handlers/rule.go:98.16,101.3 2 0
github.com/rule-engine/internal/handlers/rule.go:103.2,104.33 2 0
github.com/rule-engine/internal/handlers/rule.go:108.49,110.21 2 1
github.com/rule-engine/internal/handlers/rule.go:110.21,113.3 2 1
github.com/rule-engine/internal/handlers/rule.go:115.2,116.16 2 1
github.com/rule-engine/internal/handlers/rule.go:116.16,119.3 2 1
github.com/rule-engine/internal/handlers/rule.go:121.2,122.33 2 1
github.com/rule-engine/internal/handlers/rule.go:126.56,130.37 3 0
github.com/rule-engine/internal/handlers/rule.go:130.37,133.3 2 0
github.com/rule-engine/internal/handlers/rule.go:135.2,136.16 2 0
github.com/rule-engine/internal/handlers/rule.go:136.16,139.3 2 0
github.com/rule-engine/internal/handlers/rule.go:141.2,142.33 2 0
github.com/rule-engine/internal/handlers/rule.go:146.50,150.37 3 0
github.com/rule-engine/internal/handlers/rule.go:150.37,153.3 2 0
github.com/rule-engine/internal/handlers/rule.go:155.2,156.47 2 0
github.com/rule-engine/internal/handlers/rule.go:156.47,159.3 2 0
github.com/rule-engine/internal/handlers/rule.go:162.2,163.32 2 0
github.com/rule-engine/internal/handlers/rule.go:163.32,166.3 2 0
github.com/rule-engine/internal/handlers/rule.go:168.2,175.16 3 0
github.com/rule-engine/internal/handlers/rule.go:175.16,178.3 2 0
github.com/rule-engine/internal/handlers/rule.go:181.2,182.16 2 0
github.com/rule-engine/internal/handlers/rule.go:182.16,185.3 2 0
github.com/rule-engine/internal/handlers/rule.go:187.2,188.33 2 0
github.com/rule-engine/internal/handlers/rule.go:192.51,196.37 3 1
github.com/rule-engine/internal/handlers/rule.go:196.37,199.3 2 1
github.com/rule-engine/internal/handlers/rule.go:202.2,203.32 2 1
github.com/rule-engine/internal/handlers/rule.go:203.32,206.3 2 0
github.com/rule-engine/internal/handlers/rule.go:208.2,209.16 2 1
github.com/rule-engine/internal/handlers/rule.go:209.16,212.3 2 1
github.com/rule-engine/internal/handlers/rule.go:214.2,217.33 2 1
github.com/rule-engine/internal/handlers/rule.go:221.50,226.57 4 0
github.com/rule-engine/internal/handlers/rule.go:226.57,229.3 2 0
github.com/rule-engine/internal/handlers/rule.go:231.2,232.16 2 0
github.com/rule-engine/internal/handlers/rule.go:232.16,235.3 2 0
github.com/rule-engine/internal/handlers/rule.go:237.2,238.16 2 0
github.com/rule-engine/internal/handlers/rule.go:238.16,241.3 2 0
github.com/rule-engine/internal/handlers/rule.go:243.2,243.32 1 0
github.com/rule-engine/internal/handlers/terminal.go:18.92,23.2 1 1
github.com/rule-engine/internal/handlers/terminal.go:26.58,28.21 2 1
github.com/rule-engine/internal/handlers/terminal.go:28.21,31.3 2 1
github.com/rule-engine/internal/handlers/terminal.go:33.2,34.47 2 1
github.com/rule-engine/internal/handlers/terminal.go:34.47,37.3 2 1
github.com/rule-engine/internal/handlers/terminal.go:40.2,41.33 2 1
github.com/rule-engine/internal/handlers/terminal.go:41.33,44.3 2 1
github.com/rule-engine/internal/handlers/terminal.go:46.2,52.16 3 1
github.com/rule-engine/internal/handlers/terminal.go:52.16,55.3 2 1
github.com/rule-engine/internal/handlers/terminal.go:57.2,58.38 2 1
github.com/rule-engine/internal/handlers/terminal.go:62.55,64.21 2 1
github.com/rule-engine/internal/handlers/terminal.go:64.21,67.3 2 1
github.com/rule-engine/internal/handlers/terminal.go:69.2,70.22 2 1
github.com/rule-engine/internal/handlers/terminal.go:70.22,73.3 2 1
github.com/rule-engine/internal/handlers/terminal.go:75.2,76.16 2 1
github.com/rule-engine/internal/handlers/terminal.go:76.16,79.3 2 1
github.com/rule-engine/internal/handlers/terminal.go:81.2,82.33 2 1
github.com/rule-engine/internal/handlers/terminal.go:86.57,88.21 2 1
github.com/rule-engine/internal/handlers/terminal.go:88.21,91.3 2 1
github.com/rule-engine/internal/handlers/terminal.go:93.2,94.16 2 1
github.com/rule-engine/internal/handlers/terminal.go:94.16,97.3 2 1
github.com/rule-engine/internal/handlers/terminal.go:99.2,100.37 2 1
github.com/rule-engine/internal/handlers/terminal.go:100.37,102.3 1 1
github.com/rule-engine/internal/handlers/terminal.go:103.2,103.33 1 1
github.com/rule-engine/internal/handlers/terminal.go:107.58,109.21 2 1
github.com/rule-engine/internal/handlers/terminal.go:109.21,112.3 2 1
github.com/rule-engine/internal/handlers/terminal.go:114.2,115.22 2 1
github.com/rule-engine/internal/handlers/terminal.go:115.22,118.3 2 1
github.com/rule-engine/internal/handlers/terminal.go:120.2,121.16 2 1
github.com/rule-engine/internal/handlers/terminal.go:121.16,124.3 2 1
github.com/rule-engine/internal/handlers/terminal.go:126.2,126.32 1 0
github.com/rule-engine/internal/handlers/workflow.go:19.92,24.2 1 1
github.com/rule-engine/internal/handlers/workflow.go:27.58,29.21 2 1
github.com/rule-engine/internal/handlers/workflow.go:29.21,32.3 2 1
github.com/rule-engine/internal/handlers/workflow.go:34.2,35.47 2 1
github.com/rule-engine/internal/handlers/workflow.go:35.47,38.3 2 1
github.com/rule-engine/internal/handlers/workflow.go:41.2,42.32 2 1
github.com/rule-engine/internal/handlers/workflow.go:42.32,45.3 2 1
github.com/rule-engine/internal/handlers/workflow.go:47.2,56.16 3 1
github.com/rule-engine/internal/handlers/workflow.go:56.16,59.3 2 1
github.com/rule-engine/internal/handlers/workflow.go:61.2,62.40 2 1
github.com/rule-engine/internal/handlers/workflow.go:66.55,70.41 3 1
github.com/rule-engine/internal/handlers/workflow.go:70.41,73.3 2 1
github.com/rule-engine/internal/handlers/workflow.go:76.2,77.16 2 1
github.com/rule-engine/internal/handlers/workflow.go:77.16,79.40 1 1
github.com/rule-engine/internal/handlers/workflow.go:79.40,81.18 2 1
github.com/rule-engine/internal/handlers/workflow.go:81.18,84.5 2 1
github.com/rule-engine/internal/handlers/workflow.go:85.9,88.4 2 0
github.com/rule-engine/internal/handlers/workflow.go:91.2,92.35 2 1
github.com/rule-engine/internal/handlers/workflow.go:96.62,101.61 4 1
github.com/rule-engine/internal/handlers/workflow.go:101.61,104.3 2 1
github.com/rule-engine/internal/handlers/workflow.go:106.2,107.16 2 1
github.com/rule-engine/internal/handlers/workflow.go:107.16,110.3 2 1
github.com/rule-engine/internal/handlers/workflow.go:112.2,113.16 2 1
github.com/rule-engine/internal/handlers/workflow.go:113.16,116.3 2 1
github.com/rule-engine/internal/handlers/workflow.go:118.2,119.35 2 1
github.com/rule-engine/internal/handlers/workflow.go:123.57,125.21 2 1
github.com/rule-engine/internal/handlers/workflow.go:125.21,128.3 2 1
github.com/rule-engine/internal/handlers/workflow.go:130.2,131.16 2 1
github.com/rule-engine/internal/handlers/workflow.go:131.16,134.3 2 1
github.com/rule-engine/internal/handlers/workflow.go:136.2,137.35 2 1
github.com/rule-engine/internal/handlers/workflow.go:141.63,143.21 2 0
github.com/rule-engine/internal/handlers/workflow.go:143.21,146.3 2 0
github.com/rule-engine/internal/handlers/workflow.go:148.2,149.16 2 0
github.com/rule-engine/internal/handlers/workflow.go:149.16,152.3 2 0
github.com/rule-engine/internal/handlers/workflow.go:154.2,155.35 2 0
github.com/rule-engine/internal/handlers/workflow.go:159.64,163.41 3 0
github.com/rule-engine/internal/handlers/workflow.go:163.41,166.3 2 0
github.com/rule-engine/internal/handlers/workflow.go:168.2,169.16 2 0
github.com/rule-engine/internal/handlers/workflow.go:169.16,172.3 2 0
github.com/rule-engine/internal/handlers/workflow.go:174.2,175.35 2 0
github.com/rule-engine/internal/handlers/workflow.go:179.58,184.61 4 0
github.com/rule-engine/internal/handlers/workflow.go:184.61,187.3 2 0
github.com/rule-engine/internal/handlers/workflow.go:189.2,190.16 2 0
github.com/rule-engine/internal/handlers/workflow.go:190.16,193.3 2 0
github.com/rule-engine/internal/handlers/workflow.go:195.2,196.47 2 0
github.com/rule-engine/internal/handlers/workflow.go:196.47,199.3 2 0
github.com/rule-engine/internal/handlers/workflow.go:202.2,203.32 2 0
github.com/rule-engine/internal/handlers/workflow.go:203.32,206.3 2 0
github.com/rule-engine/internal/handlers/workflow.go:208.2,218.16 3 0
github.com/rule-engine/internal/handlers/workflow.go:218.16,221.3 2 0
github.com/rule-engine/internal/handlers/workflow.go:223.2,224.35 2 0
github.com/rule-engine/internal/handlers/workflow.go:228.59,233.61 4 1
github.com/rule-engine/internal/handlers/workflow.go:233.61,236.3 2 1
github.com/rule-engine/internal/handlers/workflow.go:238.2,239.16 2 1
github.com/rule-engine/internal/handlers/workflow.go:239.16,242.3 2 0
github.com/rule-engine/internal/handlers/workflow.go:245.2,246.32 2 1
github.com/rule-engine/internal/handlers/workflow.go:246.32,249.3 2 0
github.com/rule-engine/internal/handlers/workflow.go:251.2,252.16 2 1
github.com/rule-engine/internal/handlers/workflow.go:252.16,255.3 2 1
github.com/rule-engine/internal/handlers/workflow.go:257.2,260.33 2 1
github.com/rule-engine/internal/handlers/workflow.go:264.62,268.41 3 0
github.com/rule-engine/internal/handlers/workflow.go:268.41,271.3 2 0
github.com/rule-engine/internal/handlers/workflow.go:273.2,274.16 2 0
github.com/rule-engine/internal/handlers/workflow.go:274.16,277.3 2 0
github.com/rule-engine/internal/handlers/workflow.go:279.2,279.32 1 0
github.com/rule-engine/internal/handlers/workflow.go:283.58,288.61 4 0
github.com/rule-engine/internal/handlers/workflow.go:288.61,291.3 2 0
github.com/rule-engine/internal/handlers/workflow.go:293.2,294.16 2 0
github.com/rule-engine/internal/handlers/workflow.go:294.16,297.3 2 0
github.com/rule-engine/internal/handlers/workflow.go:299.2,300.16 2 0
github.com/rule-engine/internal/handlers/workflow.go:300.16,303.3 2 0
github.com/rule-engine/internal/handlers/workflow.go:305.2,305.32 1 0
github.com/rule-engine/internal/infra/db/db.go:12.60,18.16 3 1
github.com/rule-engine/internal/infra/db/db.go:18.16,20.3 1 1
github.com/rule-engine/internal/infra/db/db.go:23.2,29.16 5 1
github.com/rule-engine/internal/infra/db/db.go:29.16,31.3 1 1
github.com/rule-engine/internal/infra/db/db.go:34.2,35.16 2 1
github.com/rule-engine/internal/infra/db/db.go:35.16,37.3 1 1
github.com/rule-engine/internal/infra/db/db.go:39.2,39.18 1 0
github.com/rule-engine/internal/infra/logger/logger.go:22.52,25.16 2 1
github.com/rule-engine/internal/infra/logger/logger.go:25.16,27.3 1 1
github.com/rule-engine/internal/infra/logger/logger.go:28.2,34.23 3 1
github.com/rule-engine/internal/infra/logger/logger.go:34.23,36.17 2 1
github.com/rule-engine/internal/infra/logger/logger.go:36.17,38.4 1 1
github.com/rule-engine/internal/infra/logger/logger.go:39.3,39.16 1 1
github.com/rule-engine/internal/infra/logger/logger.go:43.2,43.46 1 1
github.com/rule-engine/internal/infra/logger/logger.go:43.46,48.3 1 1
github.com/rule-engine/internal/infra/logger/logger.go:51.2,57.22 3 1
github.com/rule-engine/internal/infra/logger/logger.go:57.22,59.3 1 1
github.com/rule-engine/internal/infra/logger/logger.go:62.2,66.8 2 1
github.com/rule-engine/internal/infra/logger/logger.go:70.42,71.18 1 1
github.com/rule-engine/internal/infra/logger/logger.go:71.18,73.3 1 1
github.com/rule-engine/internal/infra/logger/logger.go:74.2,74.15 1 1
github.com/rule-engine/internal/infra/logger/logger.go:78.90,84.21 2 1
github.com/rule-engine/internal/infra/logger/logger.go:84.21,85.37 1 1
github.com/rule-engine/internal/infra/logger/logger.go:85.37,86.29 1 1
github.com/rule-engine/internal/infra/logger/logger.go:87.16,88.30 1 1
github.com/rule-engine/internal/infra/logger/logger.go:89.13,90.30 1 0
github.com/rule-engine/internal/infra/logger/logger.go:91.14,92.31 1 0
github.com/rule-engine/internal/infra/logger/logger.go:93.12,94.36 1 0
github.com/rule-engine/internal/infra/logger/logger.go:99.2,99.20 1 1
github.com/rule-engine/internal/infra/logger/logger.go:103.85,109.34 2 1
github.com/rule-engine/internal/infra/logger/logger.go:109.34,110.28 1 1
github.com/rule-engine/internal/infra/logger/logger.go:111.15,112.29 1 1
github.com/rule-engine/internal/infra/logger/logger.go:113.12,114.29 1 0
github.com/rule-engine/internal/infra/logger/logger.go:115.13,116.30 1 0
github.com/rule-engine/internal/infra/logger/logger.go:117.11,118.35 1 0
github.com/rule-engine/internal/infra/logger/logger.go:122.2,122.20 1 1
github.com/rule-engine/internal/infra/logger/logger.go:126.80,134.2 1 1
github.com/rule-engine/internal/infra/logger/logger.go:137.91,146.2 1 1
github.com/rule-engine/internal/infra/logger/logger.go:149.82,157.2 1 1
github.com/rule-engine/internal/infra/logger/logger.go:160.89,168.2 1 1
github.com/rule-engine/internal/infra/logger/logger.go:171.101,180.2 1 1
github.com/rule-engine/internal/infra/logger/logger.go:183.117,190.34 2 1
github.com/rule-engine/internal/infra/logger/logger.go:190.34,191.28 1 1
github.com/rule-engine/internal/infra/logger/logger.go:192.15,193.29 1 1
github.com/rule-engine/internal/infra/logger/logger.go:194.12,195.29 1 1
github.com/rule-engine/internal/infra/logger/logger.go:196.13,197.30 1 1
github.com/rule-engine/internal/infra/logger/logger.go:198.11,199.35 1 0
github.com/rule-engine/internal/infra/logger/logger.go:203.2,203.32 1 1
github.com/rule-engine/internal/infra/logger/logger.go:207.29,211.2 3 1
github.com/rule-engine/internal/infra/logger/logger.go:214.50,216.2 1 1
github.com/rule-engine/internal/infra/metrics.go:50.24,56.2 5 0
github.com/rule-engine/internal/repository/cache.go:15.56,17.2 1 1
github.com/rule-engine/internal/repository/cache.go:19.124,21.16 2 1
github.com/rule-engine/internal/repository/cache.go:21.16,23.3 1 1
github.com/rule-engine/internal/repository/cache.go:24.2,24.39 1 1
github.com/rule-engine/internal/repository/cache.go:27.109,32.16 2 1
github.com/rule-engine/internal/repository/cache.go:32.16,34.3 1 1
github.com/rule-engine/internal/repository/cache.go:35.2,35.12 1 1
github.com/rule-engine/internal/repository/cache.go:38.97,40.16 2 0
github.com/rule-engine/internal/repository/cache.go:40.16,42.3 1 0
github.com/rule-engine/internal/repository/cache.go:43.2,43.12 1 0
github.com/rule-engine/internal/repository/cache.go:46.113,48.16 2 1
github.com/rule-engine/internal/repository/cache.go:48.16,50.3 1 1
github.com/rule-engine/internal/repository/cache.go:51.2,52.29 2 1
github.com/rule-engine/internal/repository/cache.go:52.29,54.3 1 1
github.com/rule-engine/internal/repository/cache.go:55.2,55.20 1 1
github.com/rule-engine/internal/repository/cache.go:58.99,60.16 2 1
github.com/rule-engine/internal/repository/cache.go:60.16,62.3 1 1
github.com/rule-engine/internal/repository/cache.go:63.2,63.12 1 1
github.com/rule-engine/internal/repository/cache.go:66.81,67.19 1 1
github.com/rule-engine/internal/repository/cache.go:67.19,69.3 1 0
github.com/rule-engine/internal/repository/cache.go:70.2,74.3 1 1
github.com/rule-engine/internal/repository/field.go:17.56,21.2 1 1
github.com/rule-engine/internal/repository/field.go:23.82,25.29 2 1
github.com/rule-engine/internal/repository/field.go:25.29,27.3 1 1
github.com/rule-engine/internal/repository/field.go:29.2,37.16 2 1
github.com/rule-engine/internal/repository/field.go:37.16,39.3 1 0
github.com/rule-engine/internal/repository/field.go:41.2,41.12 1 1
github.com/rule-engine/internal/repository/field.go:44.106,49.16 2 1
github.com/rule-engine/internal/repository/field.go:49.16,51.3 1 0
github.com/rule-engine/internal/repository/field.go:52.2,59.8 1 1
github.com/rule-engine/internal/repository/field.go:63.102,65.2 1 0
github.com/rule-engine/internal/repository/field.go:67.96,69.16 2 1
github.com/rule-engine/internal/repository/field.go:69.16,71.3 1 0
github.com/rule-engine/internal/repository/field.go:72.2,73.25 2 1
github.com/rule-engine/internal/repository/field.go:73.25,82.3 1 1
github.com/rule-engine/internal/repository/field.go:83.2,83.20 1 1
github.com/rule-engine/internal/repository/field.go:86.82,94.2 1 1
github.com/rule-engine/internal/repository/field.go:96.88,101.2 1 1
github.com/rule-engine/internal/repository/field.go:103.96,109.2 2 1
github.com/rule-engine/internal/repository/field.go:111.98,114.2 2 1
github.com/rule-engine/internal/repository/field.go:116.96,118.16 2 1
github.com/rule-engine/internal/repository/field.go:118.16,119.36 1 1
github.com/rule-engine/internal/repository/field.go:119.36,121.4 1 1
github.com/rule-engine/internal/repository/field.go:122.3,122.20 1 0
github.com/rule-engine/internal/repository/field.go:124.2,124.23 1 1
github.com/rule-engine/internal/repository/field.go:127.36,128.14 1 1
github.com/rule-engine/internal/repository/field.go:128.14,130.3 1 0
github.com/rule-engine/internal/repository/field.go:131.2,131.11 1 1
github.com/rule-engine/internal/repository/function.go:18.62,20.2 1 1
github.com/rule-engine/internal/repository/function.go:23.91,35.16 2 1
github.com/rule-engine/internal/repository/function.go:35.16,37.3 1 1
github.com/rule-engine/internal/repository/function.go:38.2,38.12 1 1
github.com/rule-engine/internal/repository/function.go:42.130,48.16 2 1
github.com/rule-engine/internal/repository/function.go:48.16,50.3 1 1
github.com/rule-engine/internal/repository/function.go:52.2,65.8 1 1
github.com/rule-engine/internal/repository/function.go:69.124,74.16 2 1
github.com/rule-engine/internal/repository/function.go:74.16,76.3 1 0
github.com/rule-engine/internal/repository/function.go:78.2,91.8 1 1
github.com/rule-engine/internal/repository/function.go:95.123,100.16 2 1
github.com/rule-engine/internal/repository/function.go:100.16,102.3 1 0
github.com/rule-engine/internal/repository/function.go:104.2,117.8 1 1
github.com/rule-engine/internal/repository/function.go:121.102,123.16 2 1
github.com/rule-engine/internal/repository/function.go:123.16,125.3 1 0
github.com/rule-engine/internal/repository/function.go:127.2,128.25 2 1
github.com/rule-engine/internal/repository/function.go:128.25,143.3 1 1
github.com/rule-engine/internal/repository/function.go:145.2,145.23 1 1
github.com/rule-engine/internal/repository/function.go:149.108,151.16 2 1
github.com/rule-engine/internal/repository/function.go:151.16,153.3 1 0
github.com/rule-engine/internal/repository/function.go:155.2,156.25 2 1
github.com/rule-engine/internal/repository/function.go:156.25,171.3 1 1
github.com/rule-engine/internal/repository/function.go:173.2,173.23 1 1
github.com/rule-engine/internal/repository/function.go:177.122,182.16 2 1
github.com/rule-engine/internal/repository/function.go:182.16,184.3 1 0
github.com/rule-engine/internal/repository/function.go:186.2,187.25 2 1
github.com/rule-engine/internal/repository/function.go:187.25,202.3 1 1
github.com/rule-engine/internal/repository/function.go:204.2,204.23 1 1
github.com/rule-engine/internal/repository/function.go:208.91,219.16 2 1
github.com/rule-engine/internal/repository/function.go:219.16,221.3 1 0
[...]
github.com/rule-engine/internal/service/namespace.go:44.9,46.4 1 0
github.com/rule-engine/internal/service/namespace.go:47.8,47.28 1 1
github.com/rule-engine/internal/service/namespace.go:47.28,49.3 1 1
github.com/rule-engine/internal/service/namespace.go:51.2,51.47 1 1
github.com/rule-engine/internal/service/namespace.go:55.100,56.33 1 1
github.com/rule-engine/internal/service/namespace.go:56.33,58.3 1 0
github.com/rule-engine/internal/service/namespace.go:60.2,61.16 2 1
github.com/rule-engine/internal/service/namespace.go:61.16,62.61 1 1
github.com/rule-engine/internal/service/namespace.go:62.61,64.4 1 1
github.com/rule-engine/internal/service/namespace.go:65.3,65.38 1 1
github.com/rule-engine/internal/service/namespace.go:68.2,68.23 1 1
github.com/rule-engine/internal/service/namespace.go:72.93,74.16 2 1
github.com/rule-engine/internal/service/namespace.go:74.16,76.3 1 1
github.com/rule-engine/internal/service/namespace.go:77.2,77.24 1 1
github.com/rule-engine/internal/service/namespace.go:81.82,82.33 1 1
github.com/rule-engine/internal/service/namespace.go:82.33,84.3 1 0
github.com/rule-engine/internal/service/namespace.go:87.2,88.16 2 1
github.com/rule-engine/internal/service/namespace.go:88.16,89.61 1 0
github.com/rule-engine/internal/service/namespace.go:89.61,91.4 1 0
github.com/rule-engine/internal/service/namespace.go:92.3,92.33 1 0
github.com/rule-engine/internal/service/namespace.go:95.2,95.21 1 1
github.com/rule-engine/internal/service/namespace.go:95.21,97.3 1 0
github.com/rule-engine/internal/service/namespace.go:100.2,100.56 1 1
github.com/rule-engine/internal/service/namespace.go:100.56,102.3 1 1
github.com/rule-engine/internal/service/namespace.go:104.2,104.12 1 1
github.com/rule-engine/internal/service/namespace.go:108.41,109.18 1 1
github.com/rule-engine/internal/service/namespace.go:109.18,111.3 1 1
github.com/rule-engine/internal/service/namespace.go:113.2,113.26 1 1
github.com/rule-engine/internal/service/namespace.go:113.26,117.32 1 1
github.com/rule-engine/internal/service/namespace.go:117.32,119.4 1 1
github.com/rule-engine/internal/service/namespace.go:123.2,124.61 1 1
github.com/rule-engine/internal/service/rule.go:36.178,43.2 1 1
github.com/rule-engine/internal/service/rule.go:46.98,47.40 1 1
github.com/rule-engine/internal/service/rule.go:47.40,49.3 1 1
github.com/rule-engine/internal/service/rule.go:52.2,53.38 2 1
github.com/rule-engine/internal/service/rule.go:53.38,55.3 1 1
github.com/rule-engine/internal/service/rule.go:57.2,58.39 2 1
github.com/rule-engine/internal/service/rule.go:58.39,60.3 1 1
github.com/rule-engine/internal/service/rule.go:63.2,64.16 2 1
github.com/rule-engine/internal/service/rule.go:64.16,66.3 1 0
github.com/rule-engine/internal/service/rule.go:69.2,75.62 5 1
github.com/rule-engine/internal/service/rule.go:75.62,77.3 1 0
github.com/rule-engine/internal/service/rule.go:80.2,80.33 1 1
github.com/rule-engine/internal/service/rule.go:84.100,86.16 2 1
github.com/rule-engine/internal/service/rule.go:86.16,87.61 1 1
github.com/rule-engine/internal/service/rule.go:87.61,89.4 1 1
github.com/rule-engine/internal/service/rule.go:90.3,90.38 1 0
github.com/rule-engine/internal/service/rule.go:93.2,93.18 1 1
github.com/rule-engine/internal/service/rule.go:97.122,99.16 2 0
github.com/rule-engine/internal/service/rule.go:99.16,100.61 1 0
github.com/rule-engine/internal/service/rule.go:100.61,102.4 1 0
github.com/rule-engine/internal/service/rule.go:103.3,103.38 1 0
github.com/rule-engine/internal/service/rule.go:106.2,106.18 1 0
github.com/rule-engine/internal/service/rule.go:110.105,112.16 2 1
github.com/rule-engine/internal/service/rule.go:112.16,113.61 1 1
github.com/rule-engine/internal/service/rule.go:113.61,115.4 1 1
github.com/rule-engine/internal/service/rule.go:116.3,116.38 1 0
github.com/rule-engine/internal/service/rule.go:119.2,119.18 1 1
github.com/rule-engine/internal/service/rule.go:123.96,125.16 2 1
github.com/rule-engine/internal/service/rule.go:125.16,127.3 1 1
github.com/rule-engine/internal/service/rule.go:128.2,128.19 1 1
github.com/rule-engine/internal/service/rule.go:132.102,134.16 2 0
github.com/rule-engine/internal/service/rule.go:134.16,136.3 1 0
github.com/rule-engine/internal/service/rule.go:137.2,137.19 1 0
github.com/rule-engine/internal/service/rule.go:141.111,143.16 2 1
github.com/rule-engine/internal/service/rule.go:143.16,145.3 1 1
github.com/rule-engine/internal/service/rule.go:146.2,146.19 1 1
github.com/rule-engine/internal/service/rule.go:150.106,151.40 1 1
github.com/rule-engine/internal/service/rule.go:151.40,153.3 1 1
github.com/rule-engine/internal/service/rule.go:156.2,157.16 2 1
github.com/rule-engine/internal/service/rule.go:157.16,158.61 1 1
github.com/rule-engine/internal/service/rule.go:158.61,160.4 1 1
github.com/rule-engine/internal/service/rule.go:161.3,161.33 1 0
github.com/rule-engine/internal/service/rule.go:165.2,170.67 4 1
github.com/rule-engine/internal/service/rule.go:170.67,172.3 1 0
github.com/rule-engine/internal/service/rule.go:174.2,174.38 1 1
github.com/rule-engine/internal/service/rule.go:178.101,181.29 2 1
github.com/rule-engine/internal/service/rule.go:181.29,183.3 1 1
github.com/rule-engine/internal/service/rule.go:186.2,187.16 2 1
github.com/rule-engine/internal/service/rule.go:187.16,188.61 1 1
github.com/rule-engine/internal/service/rule.go:188.61,190.4 1 1
github.com/rule-engine/internal/service/rule.go:191.3,191.33 1 0
github.com/rule-engine/internal/service/rule.go:195.2,195.67 1 1
github.com/rule-engine/internal/service/rule.go:195.67,197.3 1 0
github.com/rule-engine/internal/service/rule.go:200.2,200.85 1 1
github.com/rule-engine/internal/service/rule.go:200.85,202.3 1 0
github.com/rule-engine/internal/service/rule.go:205.2,205.79 1 1
github.com/rule-engine/internal/service/rule.go:209.102,212.16 2 1
github.com/rule-engine/internal/service/rule.go:212.16,214.3 1 0
github.com/rule-engine/internal/service/rule.go:215.2,215.13 1 1
github.com/rule-engine/internal/service/rule.go:215.13,217.3 1 0
github.com/rule-engine/internal/service/rule.go:219.2,219.55 1 1
github.com/rule-engine/internal/service/rule.go:223.76,224.23 1 1
github.com/rule-engine/internal/service/rule.go:224.23,226.3 1 0
github.com/rule-engine/internal/service/rule.go:229.2,230.69 2 1
github.com/rule-engine/internal/service/rule.go:230.69,232.3 1 1
github.com/rule-engine/internal/service/rule.go:234.2,234.31 1 1
github.com/rule-engine/internal/service/rule.go:234.31,236.3 1 0
github.com/rule-engine/internal/service/rule.go:239.2,239.44 1 1
github.com/rule-engine/internal/service/rule.go:239.44,240.56 1 1
github.com/rule-engine/internal/service/rule.go:240.56,242.4 1 1
github.com/rule-engine/internal/service/rule.go:245.2,245.12 1 1
github.com/rule-engine/internal/service/rule.go:249.81,252.9 2 1
github.com/rule-engine/internal/service/rule.go:252.9,254.3 1 1
github.com/rule-engine/internal/service/rule.go:256.2,256.23 1 1
github.com/rule-engine/internal/service/rule.go:257.15,258.45 1 1
github.com/rule-engine/internal/service/rule.go:259.18,260.48 1 0
github.com/rule-engine/internal/service/rule.go:261.14,262.44 1 0
github.com/rule-engine/internal/service/rule.go:263.10,264.41 1 1
github.com/rule-engine/internal/service/rule.go:269.86,271.49 1 1
github.com/rule-engine/internal/service/rule.go:271.49,273.3 1 0
github.com/rule-engine/internal/service/rule.go:274.2,274.50 1 1
github.com/rule-engine/internal/service/rule.go:274.50,276.3 1 0
github.com/rule-engine/internal/service/rule.go:277.2,277.38 1 1
github.com/rule-engine/internal/service/rule.go:277.38,279.3 1 0
github.com/rule-engine/internal/service/rule.go:282.2,285.36 4 1
github.com/rule-engine/internal/service/rule.go:285.36,286.21 1 1
github.com/rule-engine/internal/service/rule.go:286.21,288.9 2 1
github.com/rule-engine/internal/service/rule.go:291.2,291.14 1 1
github.com/rule-engine/internal/service/rule.go:291.14,293.3 1 0
github.com/rule-engine/internal/service/rule.go:295.2,295.12 1 1
github.com/rule-engine/internal/service/rule.go:299.89,301.52 1 0
github.com/rule-engine/internal/service/rule.go:301.52,303.3 1 0
github.com/rule-engine/internal/service/rule.go:304.2,304.50 1 0
github.com/rule-engine/internal/service/rule.go:304.50,306.3 1 0
github.com/rule-engine/internal/service/rule.go:307.2,307.38 1 0
github.com/rule-engine/internal/service/rule.go:307.38,309.3 1 0
github.com/rule-engine/internal/service/rule.go:312.2,315.36 4 0
github.com/rule-engine/internal/service/rule.go:315.36,316.21 1 0
github.com/rule-engine/internal/service/rule.go:316.21,318.9 2 0
github.com/rule-engine/internal/service/rule.go:321.2,321.14 1 0
github.com/rule-engine/internal/service/rule.go:321.14,323.3 1 0
github.com/rule-engine/internal/service/rule.go:325.2,325.12 1 0
github.com/rule-engine/internal/service/rule.go:329.85,331.48 1 0
github.com/rule-engine/internal/service/rule.go:331.48,333.3 1 0
github.com/rule-engine/internal/service/rule.go:335.2,335.12 1 0
github.com/rule-engine/internal/service/rule.go:339.117,342.69 2 1
github.com/rule-engine/internal/service/rule.go:342.69,344.3 1 0
github.com/rule-engine/internal/service/rule.go:347.2,347.44 1 1
github.com/rule-engine/internal/service/rule.go:347.44,349.10 2 1
github.com/rule-engine/internal/service/rule.go:349.10,351.4 1 0
github.com/rule-engine/internal/service/rule.go:353.3,353.24 1 1
github.com/rule-engine/internal/service/rule.go:354.19,355.82 1 0
github.com/rule-engine/internal/service/rule.go:355.82,357.5 1 0
github.com/rule-engine/internal/service/rule.go:358.16,359.79 1 1
github.com/rule-engine/internal/service/rule.go:359.79,361.5 1 0
github.com/rule-engine/internal/service/rule.go:362.15,363.78 1 0
github.com/rule-engine/internal/service/rule.go:363.78,365.5 1 0
github.com/rule-engine/internal/service/rule.go:366.11,367.42 1 0
github.com/rule-engine/internal/service/rule.go:371.2,371.12 1 1
github.com/rule-engine/internal/service/rule.go:375.129,377.9 2 0
github.com/rule-engine/internal/service/rule.go:377.9,379.3 1 0
github.com/rule-engine/internal/service/rule.go:382.2,383.16 2 0
github.com/rule-engine/internal/service/rule.go:383.16,386.3 1 0
github.com/rule-engine/internal/service/rule.go:389.2,389.44 1 0
github.com/rule-engine/internal/service/rule.go:389.44,391.3 1 0
github.com/rule-engine/internal/service/rule.go:393.2,393.12 1 0
github.com/rule-engine/internal/service/rule.go:397.126,399.9 2 1
github.com/rule-engine/internal/service/rule.go:399.9,401.3 1 0
github.com/rule-engine/internal/service/rule.go:404.2,405.16 2 1
github.com/rule-engine/internal/service/rule.go:405.16,407.3 1 0
github.com/rule-engine/internal/service/rule.go:409.2,409.13 1 1
github.com/rule-engine/internal/service/rule.go:409.13,411.3 1 0
github.com/rule-engine/internal/service/rule.go:413.2,413.12 1 1
github.com/rule-engine/internal/service/rule.go:417.125,419.9 2 0
github.com/rule-engine/internal/service/rule.go:419.9,421.3 1 0
github.com/rule-engine/internal/service/rule.go:424.2,425.16 2 0
github.com/rule-engine/internal/service/rule.go:425.16,426.61 1 0
github.com/rule-engine/internal/service/rule.go:426.61,428.4 1 0
github.com/rule-engine/internal/service/rule.go:429.3,429.33 1 0
github.com/rule-engine/internal/service/rule.go:432.2,432.17 1 0
github.com/rule-engine/internal/service/rule.go:432.17,434.3 1 0
github.com/rule-engine/internal/service/rule.go:436.2,436.40 1 0
github.com/rule-engine/internal/service/rule.go:436.40,438.3 1 0
github.com/rule-engine/internal/service/rule.go:440.2,440.12 1 0
github.com/rule-engine/internal/service/terminal.go:28.124,33.2 1 1
github.com/rule-engine/internal/service/terminal.go:36.114,37.44 1 1
github.com/rule-engine/internal/service/terminal.go:37.44,39.3 1 1
github.com/rule-engine/internal/service/terminal.go:42.2,46.16 3 1
github.com/rule-engine/internal/service/terminal.go:46.16,47.99 1 1
github.com/rule-engine/internal/service/terminal.go:47.99,49.4 1 1
github.com/rule-engine/internal/service/terminal.go:50.3,50.33 1 0
github.com/rule-engine/internal/service/terminal.go:54.2,55.16 2 1
github.com/rule-engine/internal/service/terminal.go:55.16,57.3 1 0
github.com/rule-engine/internal/service/terminal.go:58.2,58.12 1 1
github.com/rule-engine/internal/service/terminal.go:58.12,60.3 1 1
github.com/rule-engine/internal/service/terminal.go:62.2,62.45 1 1
github.com/rule-engine/internal/service/terminal.go:66.116,67.40 1 1
github.com/rule-engine/internal/service/terminal.go:67.40,69.3 1 0
github.com/rule-engine/internal/service/terminal.go:71.2,71.41 1 1
github.com/rule-engine/internal/service/terminal.go:71.41,73.3 1 0
github.com/rule-engine/internal/service/terminal.go:76.2,77.16 2 1
github.com/rule-engine/internal/service/terminal.go:77.16,78.99 1 1
github.com/rule-engine/internal/service/terminal.go:78.99,80.4 1 1
github.com/rule-engine/internal/service/terminal.go:81.3,81.38 1 0
github.com/rule-engine/internal/service/terminal.go:84.2,85.16 2 1
github.com/rule-engine/internal/service/terminal.go:85.16,86.61 1 1
github.com/rule-engine/internal/service/terminal.go:86.61,88.4 1 1
github.com/rule-engine/internal/service/terminal.go:89.3,89.38 1 0
github.com/rule-engine/internal/service/terminal.go:92.2,92.22 1 1
github.com/rule-engine/internal/service/terminal.go:96.108,97.40 1 1
github.com/rule-engine/internal/service/terminal.go:97.40,99.3 1 0
github.com/rule-engine/internal/service/terminal.go:102.2,103.16 2 1
github.com/rule-engine/internal/service/terminal.go:103.16,104.99 1 0
github.com/rule-engine/internal/service/terminal.go:104.99,106.4 1 0
github.com/rule-engine/internal/service/terminal.go:107.3,107.38 1 0
github.com/rule-engine/internal/service/terminal.go:110.2,111.16 2 1
github.com/rule-engine/internal/service/terminal.go:111.16,113.3 1 1
github.com/rule-engine/internal/service/terminal.go:114.2,114.23 1 1
github.com/rule-engine/internal/service/terminal.go:118.99,119.40 1 1
github.com/rule-engine/internal/service/terminal.go:119.40,121.3 1 0
github.com/rule-engine/internal/service/terminal.go:123.2,123.41 1 1
github.com/rule-engine/internal/service/terminal.go:123.41,125.3 1 0
github.com/rule-engine/internal/service/terminal.go:128.2,129.16 2 1
github.com/rule-engine/internal/service/terminal.go:129.16,130.99 1 0
github.com/rule-engine/internal/service/terminal.go:130.99,132.4 1 0
github.com/rule-engine/internal/service/terminal.go:133.3,133.33 1 0
github.com/rule-engine/internal/service/terminal.go:137.2,138.16 2 1
github.com/rule-engine/internal/service/terminal.go:138.16,140.3 1 0
github.com/rule-engine/internal/service/terminal.go:141.2,141.13 1 1
github.com/rule-engine/internal/service/terminal.go:141.13,143.3 1 1
github.com/rule-engine/internal/service/terminal.go:145.2,145.58 1 1
github.com/rule-engine/internal/service/workflow.go:40.20,47.2 1 0
github.com/rule-engine/internal/service/workflow.go:50.88,52.44 1 0
github.com/rule-engine/internal/service/workflow.go:52.44,54.42 1 0
github.com/rule-engine/internal/service/workflow.go:54.42,56.4 1 0
github.com/rule-engine/internal/service/workflow.go:57.3,57.72 1 0
github.com/rule-engine/internal/service/workflow.go:61.2,62.38 2 0
github.com/rule-engine/internal/service/workflow.go:62.38,64.3 1 0
github.com/rule-engine/internal/service/workflow.go:66.2,67.39 2 0
github.com/rule-engine/internal/service/workflow.go:67.39,69.3 1 0
github.com/rule-engine/internal/service/workflow.go:72.2,73.16 2 0
github.com/rule-engine/internal/service/workflow.go:73.16,75.3 1 0
github.com/rule-engine/internal/service/workflow.go:78.2,82.16 4 0
github.com/rule-engine/internal/service/workflow.go:82.16,84.3 1 0
github.com/rule-engine/internal/service/workflow.go:85.2,85.12 1 0
github.com/rule-engine/internal/service/workflow.go:89.127,91.2 1 0
github.com/rule-engine/internal/service/workflow.go:94.121,96.2 1 0
github.com/rule-engine/internal/service/workflow.go:99.120,101.2 1 0
github.com/rule-engine/internal/service/workflow.go:104.99,106.2 1 0
github.com/rule-engine/internal/service/workflow.go:109.105,111.2 1 0
github.com/rule-engine/internal/service/workflow.go:114.119,116.2 1 0
github.com/rule-engine/internal/service/workflow.go:119.88,121.44 1 0
github.com/rule-engine/internal/service/workflow.go:121.44,123.42 1 0
github.com/rule-engine/internal/service/workflow.go:123.42,125.4 1 0
github.com/rule-engine/internal/service/workflow.go:126.3,126.72 1 0
github.com/rule-engine/internal/service/workflow.go:130.2,131.16 2 0
github.com/rule-engine/internal/service/workflow.go:131.16,133.3 1 0
github.com/rule-engine/internal/service/workflow.go:134.2,134.13 1 0
github.com/rule-engine/internal/service/workflow.go:134.13,136.3 1 0
github.com/rule-engine/internal/service/workflow.go:139.2,140.16 2 0
github.com/rule-engine/internal/service/workflow.go:140.16,142.3 1 0
github.com/rule-engine/internal/service/workflow.go:143.2,143.50 1 0
github.com/rule-engine/internal/service/workflow.go:143.50,145.3 1 0
github.com/rule-engine/internal/service/workflow.go:147.2,147.45 1 0
github.com/rule-engine/internal/service/workflow.go:151.127,154.29 2 0
github.com/rule-engine/internal/service/workflow.go:154.29,156.3 1 0
github.com/rule-engine/internal/service/workflow.go:159.2,160.16 2 0
github.com/rule-engine/internal/service/workflow.go:160.16,162.3 1 0
github.com/rule-engine/internal/service/workflow.go:165.2,165.43 1 0
github.com/rule-engine/internal/service/workflow.go:165.43,167.3 1 0
github.com/rule-engine/internal/service/workflow.go:170.2,170.62 1 0
github.com/rule-engine/internal/service/workflow.go:170.62,172.3 1 0
github.com/rule-engine/internal/service/workflow.go:174.2,174.81 1 0
github.com/rule-engine/internal/service/workflow.go:178.95,181.16 2 0
github.com/rule-engine/internal/service/workflow.go:181.16,183.3 1 0
github.com/rule-engine/internal/service/workflow.go:186.2,186.44 1 0
github.com/rule-engine/internal/service/workflow.go:186.44,188.3 1 0
github.com/rule-engine/internal/service/workflow.go:190.2,190.62 1 0
github.com/rule-engine/internal/service/workflow.go:194.106,197.16 2 0
github.com/rule-engine/internal/service/workflow.go:197.16,199.3 1 0
github.com/rule-engine/internal/service/workflow.go:202.2,202.44 1 0
github.com/rule-engine/internal/service/workflow.go:202.44,204.3 1 0
github.com/rule-engine/internal/service/workflow.go:206.2,206.67 1 0
github.com/rule-engine/internal/service/workflow.go:210.102,213.63 2 0
github.com/rule-engine/internal/service/workflow.go:213.63,216.3 1 0
github.com/rule-engine/internal/service/workflow.go:219.2,222.33 3 0
github.com/rule-engine/internal/service/workflow.go:222.33,224.10 2 0
github.com/rule-engine/internal/service/workflow.go:224.10,225.12 1 0
github.com/rule-engine/internal/service/workflow.go:228.3,231.25 2 0
github.com/rule-engine/internal/service/workflow.go:231.25,232.76 1 0
github.com/rule-engine/internal/service/workflow.go:232.76,234.5 1 0
github.com/rule-engine/internal/service/workflow.go:238.3,238.29 1 0
github.com/rule-engine/internal/service/workflow.go:238.29,239.88 1 0
github.com/rule-engine/internal/service/workflow.go:239.88,241.5 1 0
github.com/rule-engine/internal/service/workflow.go:246.2,246.31 1 0
github.com/rule-engine/internal/service/workflow.go:246.31,248.17 2 0
github.com/rule-engine/internal/service/workflow.go:248.17,249.37 1 0
github.com/rule-engine/internal/service/workflow.go:249.37,251.5 1 0
github.com/rule-engine/internal/service/workflow.go:252.4,252.70 1 0
github.com/rule-engine/internal/service/workflow.go:255.3,255.41 1 0
github.com/rule-engine/internal/service/workflow.go:255.41,257.4 1 0
github.com/rule-engine/internal/service/workflow.go:261.2,261.39 1 0
github.com/rule-engine/internal/service/workflow.go:261.39,263.17 2 0
github.com/rule-engine/internal/service/workflow.go:263.17,264.41 1 0
github.com/rule-engine/internal/service/workflow.go:264.41,266.5 1 0
github.com/rule-engine/internal/service/workflow.go:267.4,267.78 1 0
github.com/rule-engine/internal/service/workflow.go:271.2,271.12 1 0
